{"/Users/jessicamorcos/Desktop/Git_projects/Soundset/server/src/test-db.js": {"path":"/Users/jessicamorcos/Desktop/Git_projects/Soundset/server/src/test-db.js","statementMap":{"0":{"start":{"line":5,"column":0},"end":{"line":5,"column":41}},"1":{"start":{"line":6,"column":0},"end":{"line":6,"column":38}},"2":{"start":{"line":7,"column":0},"end":{"line":7,"column":30}},"3":{"start":{"line":12,"column":26},"end":{"line":14,"column":1}},"4":{"start":{"line":13,"column":2},"end":{"line":13,"column":20}},"5":{"start":{"line":16,"column":29},"end":{"line":20,"column":1}},"6":{"start":{"line":17,"column":2},"end":{"line":17,"column":44}},"7":{"start":{"line":18,"column":14},"end":{"line":18,"column":29}},"8":{"start":{"line":19,"column":2},"end":{"line":19,"column":30}},"9":{"start":{"line":22,"column":32},"end":{"line":26,"column":1}},"10":{"start":{"line":23,"column":2},"end":{"line":23,"column":43}},"11":{"start":{"line":24,"column":2},"end":{"line":24,"column":36}},"12":{"start":{"line":25,"column":2},"end":{"line":25,"column":34}},"13":{"start":{"line":25,"column":14},"end":{"line":25,"column":34}}},"fnMap":{"0":{"name":"(anonymous_0)","decl":{"start":{"line":12,"column":26},"end":{"line":12,"column":27}},"loc":{"start":{"line":12,"column":40},"end":{"line":14,"column":1}},"line":12},"1":{"name":"(anonymous_1)","decl":{"start":{"line":16,"column":29},"end":{"line":16,"column":30}},"loc":{"start":{"line":16,"column":41},"end":{"line":20,"column":1}},"line":16},"2":{"name":"(anonymous_2)","decl":{"start":{"line":22,"column":32},"end":{"line":22,"column":33}},"loc":{"start":{"line":22,"column":44},"end":{"line":26,"column":1}},"line":22}},"branchMap":{"0":{"loc":{"start":{"line":25,"column":2},"end":{"line":25,"column":34}},"type":"if","locations":[{"start":{"line":25,"column":2},"end":{"line":25,"column":34}},{"start":{},"end":{}}],"line":25}},"s":{"0":14,"1":14,"2":14,"3":14,"4":2,"5":14,"6":1,"7":1,"8":1,"9":14,"10":2,"11":2,"12":2,"13":1},"f":{"0":2,"1":1,"2":2},"b":{"0":[1,1]},"_coverageSchema":"1a1c01bbd47fc00a2c39e90264f33305004495a9","hash":"0fad9637e01fe2a03e385ac6146d2d43ec332c47"}
,"/Users/jessicamorcos/Desktop/Git_projects/Soundset/server/src/controllers/authController.js": {"path":"/Users/jessicamorcos/Desktop/Git_projects/Soundset/server/src/controllers/authController.js","statementMap":{"0":{"start":{"line":5,"column":28},"end":{"line":18,"column":1}},"1":{"start":{"line":6,"column":2},"end":{"line":17,"column":3}},"2":{"start":{"line":7,"column":35},"end":{"line":7,"column":43}},"3":{"start":{"line":8,"column":21},"end":{"line":8,"column":53}},"4":{"start":{"line":9,"column":4},"end":{"line":9,"column":86}},"5":{"start":{"line":9,"column":18},"end":{"line":9,"column":86}},"6":{"start":{"line":11,"column":17},"end":{"line":11,"column":48}},"7":{"start":{"line":12,"column":17},"end":{"line":12,"column":68}},"8":{"start":{"line":14,"column":4},"end":{"line":14,"column":92}},"9":{"start":{"line":16,"column":4},"end":{"line":16,"column":51}},"10":{"start":{"line":19,"column":25},"end":{"line":46,"column":1}},"11":{"start":{"line":20,"column":2},"end":{"line":45,"column":3}},"12":{"start":{"line":21,"column":35},"end":{"line":21,"column":43}},"13":{"start":{"line":22,"column":17},"end":{"line":22,"column":49}},"14":{"start":{"line":23,"column":4},"end":{"line":23,"column":74}},"15":{"start":{"line":23,"column":15},"end":{"line":23,"column":74}},"16":{"start":{"line":26,"column":4},"end":{"line":30,"column":5}},"17":{"start":{"line":27,"column":6},"end":{"line":29,"column":76}},"18":{"start":{"line":32,"column":18},"end":{"line":32,"column":67}},"19":{"start":{"line":33,"column":4},"end":{"line":33,"column":80}},"20":{"start":{"line":33,"column":16},"end":{"line":33,"column":80}},"21":{"start":{"line":35,"column":18},"end":{"line":39,"column":5}},"22":{"start":{"line":41,"column":4},"end":{"line":41,"column":66}},"23":{"start":{"line":43,"column":4},"end":{"line":43,"column":39}},"24":{"start":{"line":44,"column":4},"end":{"line":44,"column":51}},"25":{"start":{"line":49,"column":30},"end":{"line":56,"column":1}},"26":{"start":{"line":50,"column":2},"end":{"line":55,"column":3}},"27":{"start":{"line":51,"column":17},"end":{"line":51,"column":74}},"28":{"start":{"line":52,"column":4},"end":{"line":52,"column":19}},"29":{"start":{"line":54,"column":4},"end":{"line":54,"column":51}}},"fnMap":{"0":{"name":"(anonymous_0)","decl":{"start":{"line":5,"column":28},"end":{"line":5,"column":29}},"loc":{"start":{"line":5,"column":48},"end":{"line":18,"column":1}},"line":5},"1":{"name":"(anonymous_1)","decl":{"start":{"line":19,"column":25},"end":{"line":19,"column":26}},"loc":{"start":{"line":19,"column":45},"end":{"line":46,"column":1}},"line":19},"2":{"name":"(anonymous_2)","decl":{"start":{"line":49,"column":30},"end":{"line":49,"column":31}},"loc":{"start":{"line":49,"column":50},"end":{"line":56,"column":1}},"line":49}},"branchMap":{"0":{"loc":{"start":{"line":9,"column":4},"end":{"line":9,"column":86}},"type":"if","locations":[{"start":{"line":9,"column":4},"end":{"line":9,"column":86}},{"start":{},"end":{}}],"line":9},"1":{"loc":{"start":{"line":23,"column":4},"end":{"line":23,"column":74}},"type":"if","locations":[{"start":{"line":23,"column":4},"end":{"line":23,"column":74}},{"start":{},"end":{}}],"line":23},"2":{"loc":{"start":{"line":26,"column":4},"end":{"line":30,"column":5}},"type":"if","locations":[{"start":{"line":26,"column":4},"end":{"line":30,"column":5}},{"start":{},"end":{}}],"line":26},"3":{"loc":{"start":{"line":33,"column":4},"end":{"line":33,"column":80}},"type":"if","locations":[{"start":{"line":33,"column":4},"end":{"line":33,"column":80}},{"start":{},"end":{}}],"line":33}},"s":{"0":12,"1":5,"2":5,"3":5,"4":4,"5":2,"6":2,"7":2,"8":2,"9":1,"10":12,"11":15,"12":15,"13":15,"14":15,"15":1,"16":14,"17":2,"18":12,"19":11,"20":2,"21":9,"22":9,"23":1,"24":1,"25":12,"26":2,"27":2,"28":1,"29":1},"f":{"0":5,"1":15,"2":2},"b":{"0":[2,2],"1":[1,14],"2":[2,12],"3":[2,9]},"_coverageSchema":"1a1c01bbd47fc00a2c39e90264f33305004495a9","hash":"59da4f4994998f71bd78ba0b96239168a7ca0636"}
,"/Users/jessicamorcos/Desktop/Git_projects/Soundset/server/src/controllers/djController.js": {"path":"/Users/jessicamorcos/Desktop/Git_projects/Soundset/server/src/controllers/djController.js","statementMap":{"0":{"start":{"line":6,"column":29},"end":{"line":25,"column":1}},"1":{"start":{"line":7,"column":2},"end":{"line":24,"column":3}},"2":{"start":{"line":8,"column":21},"end":{"line":8,"column":68}},"3":{"start":{"line":10,"column":4},"end":{"line":16,"column":5}},"4":{"start":{"line":11,"column":22},"end":{"line":14,"column":8}},"5":{"start":{"line":15,"column":6},"end":{"line":15,"column":78}},"6":{"start":{"line":18,"column":4},"end":{"line":18,"column":38}},"7":{"start":{"line":19,"column":4},"end":{"line":19,"column":26}},"8":{"start":{"line":20,"column":4},"end":{"line":20,"column":67}},"9":{"start":{"line":22,"column":4},"end":{"line":22,"column":41}},"10":{"start":{"line":23,"column":4},"end":{"line":23,"column":51}},"11":{"start":{"line":28,"column":23},"end":{"line":35,"column":1}},"12":{"start":{"line":29,"column":2},"end":{"line":34,"column":3}},"13":{"start":{"line":30,"column":16},"end":{"line":30,"column":38}},"14":{"start":{"line":31,"column":4},"end":{"line":31,"column":18}},"15":{"start":{"line":33,"column":4},"end":{"line":33,"column":51}},"16":{"start":{"line":38,"column":25},"end":{"line":53,"column":1}},"17":{"start":{"line":39,"column":2},"end":{"line":52,"column":3}},"18":{"start":{"line":40,"column":20},"end":{"line":40,"column":59}},"19":{"start":{"line":41,"column":4},"end":{"line":41,"column":75}},"20":{"start":{"line":41,"column":18},"end":{"line":41,"column":75}},"21":{"start":{"line":43,"column":22},"end":{"line":46,"column":6}},"22":{"start":{"line":48,"column":4},"end":{"line":48,"column":37}},"23":{"start":{"line":50,"column":4},"end":{"line":50,"column":42}},"24":{"start":{"line":51,"column":4},"end":{"line":51,"column":51}}},"fnMap":{"0":{"name":"(anonymous_0)","decl":{"start":{"line":6,"column":29},"end":{"line":6,"column":30}},"loc":{"start":{"line":6,"column":49},"end":{"line":25,"column":1}},"line":6},"1":{"name":"(anonymous_1)","decl":{"start":{"line":28,"column":23},"end":{"line":28,"column":24}},"loc":{"start":{"line":28,"column":44},"end":{"line":35,"column":1}},"line":28},"2":{"name":"(anonymous_2)","decl":{"start":{"line":38,"column":25},"end":{"line":38,"column":26}},"loc":{"start":{"line":38,"column":45},"end":{"line":53,"column":1}},"line":38}},"branchMap":{"0":{"loc":{"start":{"line":10,"column":4},"end":{"line":16,"column":5}},"type":"if","locations":[{"start":{"line":10,"column":4},"end":{"line":16,"column":5}},{"start":{},"end":{}}],"line":10},"1":{"loc":{"start":{"line":41,"column":4},"end":{"line":41,"column":75}},"type":"if","locations":[{"start":{"line":41,"column":4},"end":{"line":41,"column":75}},{"start":{},"end":{}}],"line":41}},"s":{"0":11,"1":4,"2":4,"3":3,"4":2,"5":2,"6":1,"7":1,"8":1,"9":1,"10":1,"11":11,"12":2,"13":2,"14":2,"15":0,"16":11,"17":3,"18":3,"19":3,"20":1,"21":2,"22":1,"23":1,"24":1},"f":{"0":4,"1":2,"2":3},"b":{"0":[2,1],"1":[1,2]},"_coverageSchema":"1a1c01bbd47fc00a2c39e90264f33305004495a9","hash":"859b000d6492be4520c783f9359157b3f710008e"}
,"/Users/jessicamorcos/Desktop/Git_projects/Soundset/server/src/controllers/playlistController.js": {"path":"/Users/jessicamorcos/Desktop/Git_projects/Soundset/server/src/controllers/playlistController.js","statementMap":{"0":{"start":{"line":4,"column":16},"end":{"line":4,"column":17}},"1":{"start":{"line":5,"column":16},"end":{"line":5,"column":27}},"2":{"start":{"line":8,"column":30},"end":{"line":55,"column":1}},"3":{"start":{"line":9,"column":2},"end":{"line":54,"column":3}},"4":{"start":{"line":10,"column":61},"end":{"line":10,"column":69}},"5":{"start":{"line":13,"column":4},"end":{"line":23,"column":5}},"6":{"start":{"line":14,"column":23},"end":{"line":20,"column":8}},"7":{"start":{"line":22,"column":6},"end":{"line":22,"column":44}},"8":{"start":{"line":26,"column":21},"end":{"line":28,"column":6}},"9":{"start":{"line":27,"column":35},"end":{"line":27,"column":43}},"10":{"start":{"line":30,"column":29},"end":{"line":30,"column":80}},"11":{"start":{"line":30,"column":57},"end":{"line":30,"column":76}},"12":{"start":{"line":32,"column":4},"end":{"line":36,"column":5}},"13":{"start":{"line":33,"column":6},"end":{"line":35,"column":70}},"14":{"start":{"line":38,"column":21},"end":{"line":47,"column":6}},"15":{"start":{"line":41,"column":31},"end":{"line":44,"column":7}},"16":{"start":{"line":49,"column":4},"end":{"line":49,"column":42}},"17":{"start":{"line":52,"column":4},"end":{"line":52,"column":51}},"18":{"start":{"line":53,"column":4},"end":{"line":53,"column":51}},"19":{"start":{"line":59,"column":30},"end":{"line":62,"column":1}},"20":{"start":{"line":60,"column":16},"end":{"line":60,"column":83}},"21":{"start":{"line":61,"column":2},"end":{"line":61,"column":18}},"22":{"start":{"line":64,"column":28},"end":{"line":107,"column":1}},"23":{"start":{"line":65,"column":2},"end":{"line":106,"column":3}},"24":{"start":{"line":66,"column":21},"end":{"line":66,"column":59}},"25":{"start":{"line":68,"column":4},"end":{"line":70,"column":5}},"26":{"start":{"line":69,"column":6},"end":{"line":69,"column":69}},"27":{"start":{"line":72,"column":20},"end":{"line":72,"column":73}},"28":{"start":{"line":75,"column":4},"end":{"line":83,"column":5}},"29":{"start":{"line":76,"column":6},"end":{"line":76,"column":45}},"30":{"start":{"line":77,"column":6},"end":{"line":77,"column":28}},"31":{"start":{"line":79,"column":6},"end":{"line":82,"column":9}},"32":{"start":{"line":86,"column":4},"end":{"line":98,"column":5}},"33":{"start":{"line":87,"column":6},"end":{"line":89,"column":7}},"34":{"start":{"line":88,"column":8},"end":{"line":88,"column":93}},"35":{"start":{"line":91,"column":6},"end":{"line":91,"column":45}},"36":{"start":{"line":92,"column":6},"end":{"line":92,"column":28}},"37":{"start":{"line":94,"column":6},"end":{"line":97,"column":9}},"38":{"start":{"line":101,"column":4},"end":{"line":101,"column":89}},"39":{"start":{"line":104,"column":4},"end":{"line":104,"column":49}},"40":{"start":{"line":105,"column":4},"end":{"line":105,"column":78}},"41":{"start":{"line":112,"column":29},"end":{"line":155,"column":1}},"42":{"start":{"line":113,"column":2},"end":{"line":154,"column":3}},"43":{"start":{"line":114,"column":27},"end":{"line":114,"column":88}},"44":{"start":{"line":115,"column":4},"end":{"line":117,"column":5}},"45":{"start":{"line":116,"column":6},"end":{"line":116,"column":69}},"46":{"start":{"line":119,"column":4},"end":{"line":121,"column":5}},"47":{"start":{"line":120,"column":6},"end":{"line":120,"column":78}},"48":{"start":{"line":123,"column":21},"end":{"line":126,"column":6}},"49":{"start":{"line":127,"column":4},"end":{"line":129,"column":5}},"50":{"start":{"line":128,"column":6},"end":{"line":128,"column":83}},"51":{"start":{"line":131,"column":19},"end":{"line":141,"column":6}},"52":{"start":{"line":135,"column":50},"end":{"line":138,"column":7}},"53":{"start":{"line":143,"column":4},"end":{"line":143,"column":24}},"54":{"start":{"line":144,"column":4},"end":{"line":144,"column":52}},"55":{"start":{"line":146,"column":4},"end":{"line":149,"column":7}},"56":{"start":{"line":152,"column":4},"end":{"line":152,"column":50}},"57":{"start":{"line":153,"column":4},"end":{"line":153,"column":66}},"58":{"start":{"line":157,"column":31},"end":{"line":185,"column":1}},"59":{"start":{"line":158,"column":2},"end":{"line":184,"column":3}},"60":{"start":{"line":159,"column":21},"end":{"line":161,"column":41}},"61":{"start":{"line":163,"column":4},"end":{"line":165,"column":5}},"62":{"start":{"line":164,"column":6},"end":{"line":164,"column":69}},"63":{"start":{"line":169,"column":6},"end":{"line":169,"column":77}},"64":{"start":{"line":170,"column":4},"end":{"line":172,"column":5}},"65":{"start":{"line":171,"column":6},"end":{"line":171,"column":76}},"66":{"start":{"line":175,"column":4},"end":{"line":177,"column":6}},"67":{"start":{"line":176,"column":17},"end":{"line":176,"column":62}},"68":{"start":{"line":180,"column":4},"end":{"line":180,"column":23}},"69":{"start":{"line":182,"column":4},"end":{"line":182,"column":51}},"70":{"start":{"line":183,"column":4},"end":{"line":183,"column":65}},"71":{"start":{"line":188,"column":35},"end":{"line":200,"column":1}},"72":{"start":{"line":189,"column":2},"end":{"line":199,"column":3}},"73":{"start":{"line":190,"column":22},"end":{"line":193,"column":30}},"74":{"start":{"line":195,"column":4},"end":{"line":195,"column":24}},"75":{"start":{"line":197,"column":4},"end":{"line":197,"column":59}},"76":{"start":{"line":198,"column":4},"end":{"line":198,"column":73}}},"fnMap":{"0":{"name":"(anonymous_0)","decl":{"start":{"line":8,"column":30},"end":{"line":8,"column":31}},"loc":{"start":{"line":8,"column":50},"end":{"line":55,"column":1}},"line":8},"1":{"name":"(anonymous_1)","decl":{"start":{"line":27,"column":28},"end":{"line":27,"column":29}},"loc":{"start":{"line":27,"column":35},"end":{"line":27,"column":43}},"line":27},"2":{"name":"(anonymous_2)","decl":{"start":{"line":30,"column":45},"end":{"line":30,"column":46}},"loc":{"start":{"line":30,"column":57},"end":{"line":30,"column":76}},"line":30},"3":{"name":"(anonymous_3)","decl":{"start":{"line":41,"column":23},"end":{"line":41,"column":24}},"loc":{"start":{"line":41,"column":31},"end":{"line":44,"column":7}},"line":41},"4":{"name":"(anonymous_4)","decl":{"start":{"line":59,"column":30},"end":{"line":59,"column":31}},"loc":{"start":{"line":59,"column":50},"end":{"line":62,"column":1}},"line":59},"5":{"name":"(anonymous_5)","decl":{"start":{"line":64,"column":28},"end":{"line":64,"column":29}},"loc":{"start":{"line":64,"column":48},"end":{"line":107,"column":1}},"line":64},"6":{"name":"(anonymous_6)","decl":{"start":{"line":112,"column":29},"end":{"line":112,"column":30}},"loc":{"start":{"line":112,"column":49},"end":{"line":155,"column":1}},"line":112},"7":{"name":"(anonymous_7)","decl":{"start":{"line":135,"column":38},"end":{"line":135,"column":39}},"loc":{"start":{"line":135,"column":50},"end":{"line":138,"column":7}},"line":135},"8":{"name":"(anonymous_8)","decl":{"start":{"line":157,"column":31},"end":{"line":157,"column":32}},"loc":{"start":{"line":157,"column":51},"end":{"line":185,"column":1}},"line":157},"9":{"name":"(anonymous_9)","decl":{"start":{"line":176,"column":6},"end":{"line":176,"column":7}},"loc":{"start":{"line":176,"column":17},"end":{"line":176,"column":62}},"line":176},"10":{"name":"(anonymous_10)","decl":{"start":{"line":188,"column":35},"end":{"line":188,"column":36}},"loc":{"start":{"line":188,"column":55},"end":{"line":200,"column":1}},"line":188}},"branchMap":{"0":{"loc":{"start":{"line":10,"column":18},"end":{"line":10,"column":28}},"type":"default-arg","locations":[{"start":{"line":10,"column":26},"end":{"line":10,"column":28}}],"line":10},"1":{"loc":{"start":{"line":10,"column":30},"end":{"line":10,"column":56}},"type":"default-arg","locations":[{"start":{"line":10,"column":47},"end":{"line":10,"column":56}}],"line":10},"2":{"loc":{"start":{"line":13,"column":4},"end":{"line":23,"column":5}},"type":"if","locations":[{"start":{"line":13,"column":4},"end":{"line":23,"column":5}},{"start":{},"end":{}}],"line":13},"3":{"loc":{"start":{"line":13,"column":8},"end":{"line":13,"column":51}},"type":"binary-expr","locations":[{"start":{"line":13,"column":8},"end":{"line":13,"column":29}},{"start":{"line":13,"column":33},"end":{"line":13,"column":51}}],"line":13},"4":{"loc":{"start":{"line":32,"column":4},"end":{"line":36,"column":5}},"type":"if","locations":[{"start":{"line":32,"column":4},"end":{"line":36,"column":5}},{"start":{},"end":{}}],"line":32},"5":{"loc":{"start":{"line":32,"column":8},"end":{"line":32,"column":64}},"type":"binary-expr","locations":[{"start":{"line":32,"column":8},"end":{"line":32,"column":34}},{"start":{"line":32,"column":38},"end":{"line":32,"column":64}}],"line":32},"6":{"loc":{"start":{"line":43,"column":15},"end":{"line":43,"column":27}},"type":"binary-expr","locations":[{"start":{"line":43,"column":15},"end":{"line":43,"column":22}},{"start":{"line":43,"column":26},"end":{"line":43,"column":27}}],"line":43},"7":{"loc":{"start":{"line":68,"column":4},"end":{"line":70,"column":5}},"type":"if","locations":[{"start":{"line":68,"column":4},"end":{"line":70,"column":5}},{"start":{},"end":{}}],"line":68},"8":{"loc":{"start":{"line":75,"column":4},"end":{"line":83,"column":5}},"type":"if","locations":[{"start":{"line":75,"column":4},"end":{"line":83,"column":5}},{"start":{},"end":{}}],"line":75},"9":{"loc":{"start":{"line":80,"column":36},"end":{"line":80,"column":76}},"type":"cond-expr","locations":[{"start":{"line":80,"column":56},"end":{"line":80,"column":64}},{"start":{"line":80,"column":67},"end":{"line":80,"column":76}}],"line":80},"10":{"loc":{"start":{"line":86,"column":4},"end":{"line":98,"column":5}},"type":"if","locations":[{"start":{"line":86,"column":4},"end":{"line":98,"column":5}},{"start":{},"end":{}}],"line":86},"11":{"loc":{"start":{"line":87,"column":6},"end":{"line":89,"column":7}},"type":"if","locations":[{"start":{"line":87,"column":6},"end":{"line":89,"column":7}},{"start":{},"end":{}}],"line":87},"12":{"loc":{"start":{"line":95,"column":36},"end":{"line":95,"column":76}},"type":"cond-expr","locations":[{"start":{"line":95,"column":56},"end":{"line":95,"column":64}},{"start":{"line":95,"column":67},"end":{"line":95,"column":76}}],"line":95},"13":{"loc":{"start":{"line":115,"column":4},"end":{"line":117,"column":5}},"type":"if","locations":[{"start":{"line":115,"column":4},"end":{"line":117,"column":5}},{"start":{},"end":{}}],"line":115},"14":{"loc":{"start":{"line":119,"column":4},"end":{"line":121,"column":5}},"type":"if","locations":[{"start":{"line":119,"column":4},"end":{"line":121,"column":5}},{"start":{},"end":{}}],"line":119},"15":{"loc":{"start":{"line":127,"column":4},"end":{"line":129,"column":5}},"type":"if","locations":[{"start":{"line":127,"column":4},"end":{"line":129,"column":5}},{"start":{},"end":{}}],"line":127},"16":{"loc":{"start":{"line":163,"column":4},"end":{"line":165,"column":5}},"type":"if","locations":[{"start":{"line":163,"column":4},"end":{"line":165,"column":5}},{"start":{},"end":{}}],"line":163},"17":{"loc":{"start":{"line":169,"column":6},"end":{"line":169,"column":77}},"type":"binary-expr","locations":[{"start":{"line":169,"column":6},"end":{"line":169,"column":14}},{"start":{"line":169,"column":18},"end":{"line":169,"column":77}}],"line":169},"18":{"loc":{"start":{"line":170,"column":4},"end":{"line":172,"column":5}},"type":"if","locations":[{"start":{"line":170,"column":4},"end":{"line":172,"column":5}},{"start":{},"end":{}}],"line":170},"19":{"loc":{"start":{"line":170,"column":8},"end":{"line":170,"column":38}},"type":"binary-expr","locations":[{"start":{"line":170,"column":8},"end":{"line":170,"column":26}},{"start":{"line":170,"column":30},"end":{"line":170,"column":38}}],"line":170},"20":{"loc":{"start":{"line":176,"column":17},"end":{"line":176,"column":62}},"type":"binary-expr","locations":[{"start":{"line":176,"column":17},"end":{"line":176,"column":27}},{"start":{"line":176,"column":31},"end":{"line":176,"column":62}}],"line":176}},"s":{"0":11,"1":11,"2":11,"3":5,"4":5,"5":5,"6":2,"7":2,"8":3,"9":3,"10":3,"11":3,"12":3,"13":2,"14":1,"15":1,"16":1,"17":0,"18":0,"19":11,"20":1,"21":1,"22":11,"23":8,"24":8,"25":8,"26":0,"27":8,"28":8,"29":2,"30":2,"31":2,"32":6,"33":3,"34":1,"35":2,"36":2,"37":2,"38":3,"39":0,"40":0,"41":11,"42":7,"43":7,"44":7,"45":2,"46":5,"47":2,"48":3,"49":3,"50":2,"51":1,"52":0,"53":1,"54":1,"55":1,"56":0,"57":0,"58":11,"59":6,"60":6,"61":6,"62":1,"63":5,"64":5,"65":2,"66":3,"67":4,"68":3,"69":0,"70":0,"71":11,"72":2,"73":2,"74":2,"75":0,"76":0},"f":{"0":5,"1":3,"2":3,"3":1,"4":1,"5":8,"6":7,"7":0,"8":6,"9":4,"10":2},"b":{"0":[2],"1":[5],"2":[2,3],"3":[5,5],"4":[2,1],"5":[3,3],"6":[1,1],"7":[0,8],"8":[2,6],"9":[2,0],"10":[3,3],"11":[1,2],"12":[2,0],"13":[2,5],"14":[2,3],"15":[2,1],"16":[1,5],"17":[5,5],"18":[2,3],"19":[5,2],"20":[4,4]},"_coverageSchema":"1a1c01bbd47fc00a2c39e90264f33305004495a9","hash":"9911326e9b4d0534251c39456ae1eff062be91d0"}
,"/Users/jessicamorcos/Desktop/Git_projects/Soundset/server/src/controllers/songController.js": {"path":"/Users/jessicamorcos/Desktop/Git_projects/Soundset/server/src/controllers/songController.js","statementMap":{"0":{"start":{"line":7,"column":25},"end":{"line":29,"column":1}},"1":{"start":{"line":8,"column":2},"end":{"line":28,"column":3}},"2":{"start":{"line":9,"column":59},"end":{"line":9,"column":68}},"3":{"start":{"line":10,"column":19},"end":{"line":10,"column":21}},"4":{"start":{"line":12,"column":4},"end":{"line":12,"column":36}},"5":{"start":{"line":12,"column":15},"end":{"line":12,"column":36}},"6":{"start":{"line":13,"column":4},"end":{"line":13,"column":41}},"7":{"start":{"line":13,"column":14},"end":{"line":13,"column":41}},"8":{"start":{"line":14,"column":4},"end":{"line":14,"column":64}},"9":{"start":{"line":14,"column":24},"end":{"line":14,"column":64}},"10":{"start":{"line":15,"column":4},"end":{"line":15,"column":55}},"11":{"start":{"line":15,"column":11},"end":{"line":15,"column":55}},"12":{"start":{"line":16,"column":4},"end":{"line":16,"column":62}},"13":{"start":{"line":16,"column":20},"end":{"line":16,"column":62}},"14":{"start":{"line":19,"column":4},"end":{"line":21,"column":5}},"15":{"start":{"line":20,"column":6},"end":{"line":20,"column":32}},"16":{"start":{"line":23,"column":18},"end":{"line":23,"column":52}},"17":{"start":{"line":24,"column":4},"end":{"line":24,"column":20}},"18":{"start":{"line":26,"column":4},"end":{"line":26,"column":47}},"19":{"start":{"line":27,"column":4},"end":{"line":27,"column":51}},"20":{"start":{"line":32,"column":28},"end":{"line":106,"column":1}},"21":{"start":{"line":33,"column":2},"end":{"line":105,"column":3}},"22":{"start":{"line":34,"column":19},"end":{"line":34,"column":48}},"23":{"start":{"line":35,"column":17},"end":{"line":35,"column":75}},"24":{"start":{"line":36,"column":4},"end":{"line":36,"column":74}},"25":{"start":{"line":36,"column":15},"end":{"line":36,"column":74}},"26":{"start":{"line":38,"column":16},"end":{"line":38,"column":26}},"27":{"start":{"line":39,"column":24},"end":{"line":39,"column":26}},"28":{"start":{"line":40,"column":25},"end":{"line":40,"column":27}},"29":{"start":{"line":43,"column":4},"end":{"line":52,"column":7}},"30":{"start":{"line":44,"column":16},"end":{"line":44,"column":26}},"31":{"start":{"line":45,"column":6},"end":{"line":45,"column":21}},"32":{"start":{"line":45,"column":14},"end":{"line":45,"column":21}},"33":{"start":{"line":46,"column":22},"end":{"line":46,"column":78}},"34":{"start":{"line":47,"column":28},"end":{"line":47,"column":59}},"35":{"start":{"line":48,"column":20},"end":{"line":48,"column":47}},"36":{"start":{"line":50,"column":6},"end":{"line":50,"column":83}},"37":{"start":{"line":50,"column":20},"end":{"line":50,"column":83}},"38":{"start":{"line":51,"column":6},"end":{"line":51,"column":83}},"39":{"start":{"line":51,"column":20},"end":{"line":51,"column":83}},"40":{"start":{"line":55,"column":22},"end":{"line":55,"column":23}},"41":{"start":{"line":56,"column":4},"end":{"line":56,"column":102}},"42":{"start":{"line":56,"column":45},"end":{"line":56,"column":98}},"43":{"start":{"line":57,"column":4},"end":{"line":57,"column":102}},"44":{"start":{"line":57,"column":45},"end":{"line":57,"column":98}},"45":{"start":{"line":60,"column":23},"end":{"line":60,"column":98}},"46":{"start":{"line":60,"column":63},"end":{"line":60,"column":72}},"47":{"start":{"line":60,"column":96},"end":{"line":60,"column":97}},"48":{"start":{"line":61,"column":23},"end":{"line":61,"column":99}},"49":{"start":{"line":61,"column":64},"end":{"line":61,"column":73}},"50":{"start":{"line":61,"column":97},"end":{"line":61,"column":98}},"51":{"start":{"line":62,"column":23},"end":{"line":62,"column":91}},"52":{"start":{"line":64,"column":25},"end":{"line":64,"column":27}},"53":{"start":{"line":65,"column":4},"end":{"line":65,"column":77}},"54":{"start":{"line":65,"column":27},"end":{"line":65,"column":77}},"55":{"start":{"line":66,"column":4},"end":{"line":66,"column":78}},"56":{"start":{"line":66,"column":27},"end":{"line":66,"column":78}},"57":{"start":{"line":67,"column":4},"end":{"line":67,"column":73}},"58":{"start":{"line":67,"column":27},"end":{"line":67,"column":73}},"59":{"start":{"line":70,"column":18},"end":{"line":70,"column":20}},"60":{"start":{"line":71,"column":4},"end":{"line":73,"column":5}},"61":{"start":{"line":72,"column":6},"end":{"line":72,"column":92}},"62":{"start":{"line":76,"column":20},"end":{"line":76,"column":29}},"63":{"start":{"line":77,"column":4},"end":{"line":77,"column":59}},"64":{"start":{"line":77,"column":29},"end":{"line":77,"column":59}},"65":{"start":{"line":80,"column":4},"end":{"line":90,"column":5}},"66":{"start":{"line":81,"column":25},"end":{"line":81,"column":94}},"67":{"start":{"line":81,"column":62},"end":{"line":81,"column":93}},"68":{"start":{"line":82,"column":21},"end":{"line":82,"column":42}},"69":{"start":{"line":84,"column":20},"end":{"line":87,"column":8}},"70":{"start":{"line":89,"column":6},"end":{"line":89,"column":59}},"71":{"start":{"line":89,"column":29},"end":{"line":89,"column":59}},"72":{"start":{"line":93,"column":22},"end":{"line":93,"column":50}},"73":{"start":{"line":94,"column":4},"end":{"line":98,"column":7}},"74":{"start":{"line":95,"column":20},"end":{"line":95,"column":79}},"75":{"start":{"line":96,"column":20},"end":{"line":96,"column":79}},"76":{"start":{"line":97,"column":6},"end":{"line":97,"column":27}},"77":{"start":{"line":101,"column":4},"end":{"line":101,"column":43}},"78":{"start":{"line":103,"column":4},"end":{"line":103,"column":50}},"79":{"start":{"line":104,"column":4},"end":{"line":104,"column":65}},"80":{"start":{"line":112,"column":26},"end":{"line":119,"column":1}},"81":{"start":{"line":113,"column":2},"end":{"line":118,"column":3}},"82":{"start":{"line":114,"column":17},"end":{"line":114,"column":44}},"83":{"start":{"line":115,"column":4},"end":{"line":115,"column":71}},"84":{"start":{"line":117,"column":4},"end":{"line":117,"column":51}},"85":{"start":{"line":122,"column":26},"end":{"line":131,"column":1}},"86":{"start":{"line":123,"column":2},"end":{"line":130,"column":3}},"87":{"start":{"line":124,"column":17},"end":{"line":124,"column":85}},"88":{"start":{"line":125,"column":4},"end":{"line":125,"column":74}},"89":{"start":{"line":125,"column":15},"end":{"line":125,"column":74}},"90":{"start":{"line":126,"column":4},"end":{"line":126,"column":61}},"91":{"start":{"line":128,"column":4},"end":{"line":128,"column":47}},"92":{"start":{"line":129,"column":4},"end":{"line":129,"column":51}},"93":{"start":{"line":134,"column":32},"end":{"line":146,"column":1}},"94":{"start":{"line":135,"column":2},"end":{"line":145,"column":3}},"95":{"start":{"line":136,"column":17},"end":{"line":136,"column":51}},"96":{"start":{"line":137,"column":4},"end":{"line":137,"column":74}},"97":{"start":{"line":137,"column":15},"end":{"line":137,"column":74}},"98":{"start":{"line":139,"column":4},"end":{"line":139,"column":39}},"99":{"start":{"line":140,"column":4},"end":{"line":140,"column":22}},"100":{"start":{"line":142,"column":4},"end":{"line":142,"column":104}},"101":{"start":{"line":144,"column":4},"end":{"line":144,"column":51}},"102":{"start":{"line":149,"column":26},"end":{"line":159,"column":1}},"103":{"start":{"line":150,"column":2},"end":{"line":158,"column":3}},"104":{"start":{"line":151,"column":17},"end":{"line":151,"column":51}},"105":{"start":{"line":152,"column":4},"end":{"line":152,"column":74}},"106":{"start":{"line":152,"column":15},"end":{"line":152,"column":74}},"107":{"start":{"line":154,"column":4},"end":{"line":154,"column":27}},"108":{"start":{"line":155,"column":4},"end":{"line":155,"column":55}},"109":{"start":{"line":157,"column":4},"end":{"line":157,"column":51}}},"fnMap":{"0":{"name":"(anonymous_0)","decl":{"start":{"line":7,"column":25},"end":{"line":7,"column":26}},"loc":{"start":{"line":7,"column":45},"end":{"line":29,"column":1}},"line":7},"1":{"name":"(anonymous_1)","decl":{"start":{"line":32,"column":28},"end":{"line":32,"column":29}},"loc":{"start":{"line":32,"column":48},"end":{"line":106,"column":1}},"line":32},"2":{"name":"(anonymous_2)","decl":{"start":{"line":43,"column":25},"end":{"line":43,"column":26}},"loc":{"start":{"line":43,"column":36},"end":{"line":52,"column":5}},"line":43},"3":{"name":"(anonymous_3)","decl":{"start":{"line":56,"column":38},"end":{"line":56,"column":39}},"loc":{"start":{"line":56,"column":43},"end":{"line":56,"column":100}},"line":56},"4":{"name":"(anonymous_4)","decl":{"start":{"line":57,"column":37},"end":{"line":57,"column":38}},"loc":{"start":{"line":57,"column":43},"end":{"line":57,"column":100}},"line":57},"5":{"name":"(anonymous_5)","decl":{"start":{"line":60,"column":56},"end":{"line":60,"column":57}},"loc":{"start":{"line":60,"column":63},"end":{"line":60,"column":72}},"line":60},"6":{"name":"(anonymous_6)","decl":{"start":{"line":60,"column":89},"end":{"line":60,"column":90}},"loc":{"start":{"line":60,"column":96},"end":{"line":60,"column":97}},"line":60},"7":{"name":"(anonymous_7)","decl":{"start":{"line":61,"column":57},"end":{"line":61,"column":58}},"loc":{"start":{"line":61,"column":64},"end":{"line":61,"column":73}},"line":61},"8":{"name":"(anonymous_8)","decl":{"start":{"line":61,"column":90},"end":{"line":61,"column":91}},"loc":{"start":{"line":61,"column":97},"end":{"line":61,"column":98}},"line":61},"9":{"name":"(anonymous_9)","decl":{"start":{"line":81,"column":56},"end":{"line":81,"column":57}},"loc":{"start":{"line":81,"column":62},"end":{"line":81,"column":93}},"line":81},"10":{"name":"(anonymous_10)","decl":{"start":{"line":94,"column":21},"end":{"line":94,"column":22}},"loc":{"start":{"line":94,"column":31},"end":{"line":98,"column":5}},"line":94},"11":{"name":"(anonymous_11)","decl":{"start":{"line":112,"column":26},"end":{"line":112,"column":27}},"loc":{"start":{"line":112,"column":46},"end":{"line":119,"column":1}},"line":112},"12":{"name":"(anonymous_12)","decl":{"start":{"line":122,"column":26},"end":{"line":122,"column":27}},"loc":{"start":{"line":122,"column":46},"end":{"line":131,"column":1}},"line":122},"13":{"name":"(anonymous_13)","decl":{"start":{"line":134,"column":32},"end":{"line":134,"column":33}},"loc":{"start":{"line":134,"column":52},"end":{"line":146,"column":1}},"line":134},"14":{"name":"(anonymous_14)","decl":{"start":{"line":149,"column":26},"end":{"line":149,"column":27}},"loc":{"start":{"line":149,"column":46},"end":{"line":159,"column":1}},"line":149}},"branchMap":{"0":{"loc":{"start":{"line":12,"column":4},"end":{"line":12,"column":36}},"type":"if","locations":[{"start":{"line":12,"column":4},"end":{"line":12,"column":36}},{"start":{},"end":{}}],"line":12},"1":{"loc":{"start":{"line":13,"column":4},"end":{"line":13,"column":41}},"type":"if","locations":[{"start":{"line":13,"column":4},"end":{"line":13,"column":41}},{"start":{},"end":{}}],"line":13},"2":{"loc":{"start":{"line":14,"column":4},"end":{"line":14,"column":64}},"type":"if","locations":[{"start":{"line":14,"column":4},"end":{"line":14,"column":64}},{"start":{},"end":{}}],"line":14},"3":{"loc":{"start":{"line":15,"column":4},"end":{"line":15,"column":55}},"type":"if","locations":[{"start":{"line":15,"column":4},"end":{"line":15,"column":55}},{"start":{},"end":{}}],"line":15},"4":{"loc":{"start":{"line":16,"column":4},"end":{"line":16,"column":62}},"type":"if","locations":[{"start":{"line":16,"column":4},"end":{"line":16,"column":62}},{"start":{},"end":{}}],"line":16},"5":{"loc":{"start":{"line":19,"column":4},"end":{"line":21,"column":5}},"type":"if","locations":[{"start":{"line":19,"column":4},"end":{"line":21,"column":5}},{"start":{},"end":{}}],"line":19},"6":{"loc":{"start":{"line":34,"column":19},"end":{"line":34,"column":48}},"type":"binary-expr","locations":[{"start":{"line":34,"column":19},"end":{"line":34,"column":42}},{"start":{"line":34,"column":46},"end":{"line":34,"column":48}}],"line":34},"7":{"loc":{"start":{"line":36,"column":4},"end":{"line":36,"column":74}},"type":"if","locations":[{"start":{"line":36,"column":4},"end":{"line":36,"column":74}},{"start":{},"end":{}}],"line":36},"8":{"loc":{"start":{"line":45,"column":6},"end":{"line":45,"column":21}},"type":"if","locations":[{"start":{"line":45,"column":6},"end":{"line":45,"column":21}},{"start":{},"end":{}}],"line":45},"9":{"loc":{"start":{"line":50,"column":6},"end":{"line":50,"column":83}},"type":"if","locations":[{"start":{"line":50,"column":6},"end":{"line":50,"column":83}},{"start":{},"end":{}}],"line":50},"10":{"loc":{"start":{"line":50,"column":46},"end":{"line":50,"column":73}},"type":"binary-expr","locations":[{"start":{"line":50,"column":46},"end":{"line":50,"column":66}},{"start":{"line":50,"column":72},"end":{"line":50,"column":73}}],"line":50},"11":{"loc":{"start":{"line":51,"column":6},"end":{"line":51,"column":83}},"type":"if","locations":[{"start":{"line":51,"column":6},"end":{"line":51,"column":83}},{"start":{},"end":{}}],"line":51},"12":{"loc":{"start":{"line":51,"column":46},"end":{"line":51,"column":73}},"type":"binary-expr","locations":[{"start":{"line":51,"column":46},"end":{"line":51,"column":68}},{"start":{"line":51,"column":72},"end":{"line":51,"column":73}}],"line":51},"13":{"loc":{"start":{"line":56,"column":64},"end":{"line":56,"column":84}},"type":"binary-expr","locations":[{"start":{"line":56,"column":64},"end":{"line":56,"column":78}},{"start":{"line":56,"column":83},"end":{"line":56,"column":84}}],"line":56},"14":{"loc":{"start":{"line":57,"column":64},"end":{"line":57,"column":84}},"type":"binary-expr","locations":[{"start":{"line":57,"column":64},"end":{"line":57,"column":79}},{"start":{"line":57,"column":83},"end":{"line":57,"column":84}}],"line":57},"15":{"loc":{"start":{"line":62,"column":23},"end":{"line":62,"column":91}},"type":"cond-expr","locations":[{"start":{"line":62,"column":64},"end":{"line":62,"column":86}},{"start":{"line":62,"column":89},"end":{"line":62,"column":91}}],"line":62},"16":{"loc":{"start":{"line":65,"column":4},"end":{"line":65,"column":77}},"type":"if","locations":[{"start":{"line":65,"column":4},"end":{"line":65,"column":77}},{"start":{},"end":{}}],"line":65},"17":{"loc":{"start":{"line":66,"column":4},"end":{"line":66,"column":78}},"type":"if","locations":[{"start":{"line":66,"column":4},"end":{"line":66,"column":78}},{"start":{},"end":{}}],"line":66},"18":{"loc":{"start":{"line":67,"column":4},"end":{"line":67,"column":73}},"type":"if","locations":[{"start":{"line":67,"column":4},"end":{"line":67,"column":73}},{"start":{},"end":{}}],"line":67},"19":{"loc":{"start":{"line":71,"column":4},"end":{"line":73,"column":5}},"type":"if","locations":[{"start":{"line":71,"column":4},"end":{"line":73,"column":5}},{"start":{},"end":{}}],"line":71},"20":{"loc":{"start":{"line":80,"column":4},"end":{"line":90,"column":5}},"type":"if","locations":[{"start":{"line":80,"column":4},"end":{"line":90,"column":5}},{"start":{},"end":{}}],"line":80},"21":{"loc":{"start":{"line":95,"column":21},"end":{"line":95,"column":47}},"type":"binary-expr","locations":[{"start":{"line":95,"column":21},"end":{"line":95,"column":41}},{"start":{"line":95,"column":46},"end":{"line":95,"column":47}}],"line":95},"22":{"loc":{"start":{"line":95,"column":52},"end":{"line":95,"column":78}},"type":"binary-expr","locations":[{"start":{"line":95,"column":52},"end":{"line":95,"column":72}},{"start":{"line":95,"column":77},"end":{"line":95,"column":78}}],"line":95},"23":{"loc":{"start":{"line":96,"column":21},"end":{"line":96,"column":47}},"type":"binary-expr","locations":[{"start":{"line":96,"column":21},"end":{"line":96,"column":43}},{"start":{"line":96,"column":46},"end":{"line":96,"column":47}}],"line":96},"24":{"loc":{"start":{"line":96,"column":52},"end":{"line":96,"column":78}},"type":"binary-expr","locations":[{"start":{"line":96,"column":52},"end":{"line":96,"column":74}},{"start":{"line":96,"column":77},"end":{"line":96,"column":78}}],"line":96},"25":{"loc":{"start":{"line":125,"column":4},"end":{"line":125,"column":74}},"type":"if","locations":[{"start":{"line":125,"column":4},"end":{"line":125,"column":74}},{"start":{},"end":{}}],"line":125},"26":{"loc":{"start":{"line":137,"column":4},"end":{"line":137,"column":74}},"type":"if","locations":[{"start":{"line":137,"column":4},"end":{"line":137,"column":74}},{"start":{},"end":{}}],"line":137},"27":{"loc":{"start":{"line":142,"column":32},"end":{"line":142,"column":79}},"type":"cond-expr","locations":[{"start":{"line":142,"column":50},"end":{"line":142,"column":62}},{"start":{"line":142,"column":65},"end":{"line":142,"column":79}}],"line":142},"28":{"loc":{"start":{"line":152,"column":4},"end":{"line":152,"column":74}},"type":"if","locations":[{"start":{"line":152,"column":4},"end":{"line":152,"column":74}},{"start":{},"end":{}}],"line":152}},"s":{"0":11,"1":3,"2":3,"3":3,"4":3,"5":1,"6":3,"7":1,"8":3,"9":0,"10":3,"11":1,"12":3,"13":0,"14":3,"15":1,"16":3,"17":3,"18":0,"19":0,"20":11,"21":2,"22":2,"23":2,"24":2,"25":0,"26":2,"27":2,"28":2,"29":2,"30":1,"31":1,"32":0,"33":1,"34":1,"35":1,"36":1,"37":1,"38":1,"39":1,"40":2,"41":2,"42":1,"43":2,"44":1,"45":2,"46":0,"47":1,"48":2,"49":0,"50":1,"51":2,"52":2,"53":2,"54":1,"55":2,"56":1,"57":2,"58":1,"59":2,"60":2,"61":1,"62":2,"63":2,"64":1,"65":2,"66":2,"67":1,"68":2,"69":2,"70":2,"71":4,"72":2,"73":2,"74":3,"75":3,"76":3,"77":2,"78":0,"79":0,"80":11,"81":2,"82":2,"83":2,"84":0,"85":11,"86":2,"87":2,"88":2,"89":1,"90":1,"91":0,"92":0,"93":11,"94":3,"95":3,"96":3,"97":1,"98":2,"99":2,"100":2,"101":0,"102":11,"103":2,"104":2,"105":2,"106":1,"107":1,"108":1,"109":0},"f":{"0":3,"1":2,"2":1,"3":1,"4":1,"5":0,"6":1,"7":0,"8":1,"9":1,"10":3,"11":2,"12":2,"13":3,"14":2},"b":{"0":[1,2],"1":[1,2],"2":[0,3],"3":[1,2],"4":[0,3],"5":[1,2],"6":[2,1],"7":[0,2],"8":[0,1],"9":[1,0],"10":[1,1],"11":[1,0],"12":[1,1],"13":[1,0],"14":[1,0],"15":[2,0],"16":[1,1],"17":[1,1],"18":[1,1],"19":[1,1],"20":[2,0],"21":[3,2],"22":[3,3],"23":[3,2],"24":[3,3],"25":[1,1],"26":[1,2],"27":[2,0],"28":[1,1]},"_coverageSchema":"1a1c01bbd47fc00a2c39e90264f33305004495a9","hash":"c8be7d4e57602606c657a21248144b2398c29a33"}
,"/Users/jessicamorcos/Desktop/Git_projects/Soundset/server/src/controllers/statsController.js": {"path":"/Users/jessicamorcos/Desktop/Git_projects/Soundset/server/src/controllers/statsController.js","statementMap":{"0":{"start":{"line":7,"column":23},"end":{"line":30,"column":1}},"1":{"start":{"line":8,"column":2},"end":{"line":29,"column":3}},"2":{"start":{"line":9,"column":23},"end":{"line":9,"column":31}},"3":{"start":{"line":11,"column":4},"end":{"line":13,"column":5}},"4":{"start":{"line":12,"column":6},"end":{"line":12,"column":66}},"5":{"start":{"line":15,"column":17},"end":{"line":15,"column":44}},"6":{"start":{"line":16,"column":4},"end":{"line":16,"column":74}},"7":{"start":{"line":16,"column":15},"end":{"line":16,"column":74}},"8":{"start":{"line":19,"column":4},"end":{"line":23,"column":7}},"9":{"start":{"line":25,"column":4},"end":{"line":25,"column":71}},"10":{"start":{"line":27,"column":4},"end":{"line":27,"column":46}},"11":{"start":{"line":28,"column":4},"end":{"line":28,"column":60}},"12":{"start":{"line":33,"column":28},"end":{"line":69,"column":1}},"13":{"start":{"line":34,"column":2},"end":{"line":68,"column":3}},"14":{"start":{"line":35,"column":17},"end":{"line":62,"column":6}},"15":{"start":{"line":64,"column":4},"end":{"line":64,"column":19}},"16":{"start":{"line":66,"column":4},"end":{"line":66,"column":52}},"17":{"start":{"line":67,"column":4},"end":{"line":67,"column":72}},"18":{"start":{"line":72,"column":29},"end":{"line":100,"column":1}},"19":{"start":{"line":73,"column":2},"end":{"line":99,"column":3}},"20":{"start":{"line":74,"column":17},"end":{"line":93,"column":6}},"21":{"start":{"line":95,"column":4},"end":{"line":95,"column":19}},"22":{"start":{"line":97,"column":4},"end":{"line":97,"column":55}},"23":{"start":{"line":98,"column":4},"end":{"line":98,"column":70}},"24":{"start":{"line":103,"column":28},"end":{"line":131,"column":1}},"25":{"start":{"line":104,"column":2},"end":{"line":130,"column":3}},"26":{"start":{"line":105,"column":17},"end":{"line":124,"column":6}},"27":{"start":{"line":126,"column":4},"end":{"line":126,"column":19}},"28":{"start":{"line":128,"column":4},"end":{"line":128,"column":54}},"29":{"start":{"line":129,"column":4},"end":{"line":129,"column":69}}},"fnMap":{"0":{"name":"(anonymous_0)","decl":{"start":{"line":7,"column":23},"end":{"line":7,"column":24}},"loc":{"start":{"line":7,"column":43},"end":{"line":30,"column":1}},"line":7},"1":{"name":"(anonymous_1)","decl":{"start":{"line":33,"column":28},"end":{"line":33,"column":29}},"loc":{"start":{"line":33,"column":48},"end":{"line":69,"column":1}},"line":33},"2":{"name":"(anonymous_2)","decl":{"start":{"line":72,"column":29},"end":{"line":72,"column":30}},"loc":{"start":{"line":72,"column":49},"end":{"line":100,"column":1}},"line":72},"3":{"name":"(anonymous_3)","decl":{"start":{"line":103,"column":28},"end":{"line":103,"column":29}},"loc":{"start":{"line":103,"column":48},"end":{"line":131,"column":1}},"line":103}},"branchMap":{"0":{"loc":{"start":{"line":11,"column":4},"end":{"line":13,"column":5}},"type":"if","locations":[{"start":{"line":11,"column":4},"end":{"line":13,"column":5}},{"start":{},"end":{}}],"line":11},"1":{"loc":{"start":{"line":16,"column":4},"end":{"line":16,"column":74}},"type":"if","locations":[{"start":{"line":16,"column":4},"end":{"line":16,"column":74}},{"start":{},"end":{}}],"line":16}},"s":{"0":1,"1":4,"2":4,"3":4,"4":1,"5":3,"6":2,"7":1,"8":1,"9":1,"10":1,"11":1,"12":1,"13":2,"14":2,"15":1,"16":1,"17":1,"18":1,"19":2,"20":2,"21":1,"22":1,"23":1,"24":1,"25":2,"26":2,"27":1,"28":1,"29":1},"f":{"0":4,"1":2,"2":2,"3":2},"b":{"0":[1,3],"1":[1,1]},"_coverageSchema":"1a1c01bbd47fc00a2c39e90264f33305004495a9","hash":"c4efa87ad3846a536c9b27b74075a409bfaf95e2"}
,"/Users/jessicamorcos/Desktop/Git_projects/Soundset/server/src/controllers/userController.js": {"path":"/Users/jessicamorcos/Desktop/Git_projects/Soundset/server/src/controllers/userController.js","statementMap":{"0":{"start":{"line":3,"column":25},"end":{"line":7,"column":1}},"1":{"start":{"line":4,"column":2},"end":{"line":4,"column":60}},"2":{"start":{"line":4,"column":33},"end":{"line":4,"column":60}},"3":{"start":{"line":5,"column":16},"end":{"line":5,"column":57}},"4":{"start":{"line":6,"column":2},"end":{"line":6,"column":18}},"5":{"start":{"line":9,"column":32},"end":{"line":19,"column":1}},"6":{"start":{"line":10,"column":2},"end":{"line":10,"column":60}},"7":{"start":{"line":10,"column":33},"end":{"line":10,"column":60}},"8":{"start":{"line":11,"column":15},"end":{"line":11,"column":49}},"9":{"start":{"line":12,"column":2},"end":{"line":12,"column":72}},"10":{"start":{"line":12,"column":13},"end":{"line":12,"column":72}},"11":{"start":{"line":13,"column":2},"end":{"line":13,"column":33}},"12":{"start":{"line":14,"column":2},"end":{"line":14,"column":20}},"13":{"start":{"line":15,"column":2},"end":{"line":18,"column":5}},"14":{"start":{"line":21,"column":26},"end":{"line":28,"column":1}},"15":{"start":{"line":22,"column":2},"end":{"line":22,"column":60}},"16":{"start":{"line":22,"column":33},"end":{"line":22,"column":60}},"17":{"start":{"line":23,"column":15},"end":{"line":23,"column":49}},"18":{"start":{"line":24,"column":2},"end":{"line":24,"column":72}},"19":{"start":{"line":24,"column":13},"end":{"line":24,"column":72}},"20":{"start":{"line":26,"column":2},"end":{"line":26,"column":46}},"21":{"start":{"line":27,"column":2},"end":{"line":27,"column":53}},"22":{"start":{"line":31,"column":30},"end":{"line":39,"column":1}},"23":{"start":{"line":32,"column":2},"end":{"line":38,"column":3}},"24":{"start":{"line":33,"column":17},"end":{"line":33,"column":72}},"25":{"start":{"line":34,"column":4},"end":{"line":34,"column":74}},"26":{"start":{"line":34,"column":15},"end":{"line":34,"column":74}},"27":{"start":{"line":35,"column":4},"end":{"line":35,"column":71}},"28":{"start":{"line":37,"column":4},"end":{"line":37,"column":51}},"29":{"start":{"line":42,"column":33},"end":{"line":64,"column":1}},"30":{"start":{"line":43,"column":2},"end":{"line":63,"column":3}},"31":{"start":{"line":44,"column":37},"end":{"line":44,"column":45}},"32":{"start":{"line":46,"column":17},"end":{"line":46,"column":50}},"33":{"start":{"line":47,"column":4},"end":{"line":47,"column":74}},"34":{"start":{"line":47,"column":15},"end":{"line":47,"column":74}},"35":{"start":{"line":49,"column":4},"end":{"line":53,"column":6}},"36":{"start":{"line":55,"column":4},"end":{"line":55,"column":22}},"37":{"start":{"line":57,"column":4},"end":{"line":60,"column":7}},"38":{"start":{"line":62,"column":4},"end":{"line":62,"column":51}},"39":{"start":{"line":66,"column":27},"end":{"line":99,"column":1}},"40":{"start":{"line":67,"column":2},"end":{"line":67,"column":60}},"41":{"start":{"line":67,"column":33},"end":{"line":67,"column":60}},"42":{"start":{"line":69,"column":2},"end":{"line":98,"column":3}},"43":{"start":{"line":70,"column":17},"end":{"line":70,"column":51}},"44":{"start":{"line":71,"column":4},"end":{"line":71,"column":74}},"45":{"start":{"line":71,"column":15},"end":{"line":71,"column":74}},"46":{"start":{"line":74,"column":23},"end":{"line":74,"column":67}},"47":{"start":{"line":75,"column":4},"end":{"line":77,"column":5}},"48":{"start":{"line":76,"column":6},"end":{"line":76,"column":79}},"49":{"start":{"line":80,"column":4},"end":{"line":86,"column":5}},"50":{"start":{"line":81,"column":6},"end":{"line":81,"column":23}},"51":{"start":{"line":82,"column":11},"end":{"line":86,"column":5}},"52":{"start":{"line":83,"column":6},"end":{"line":83,"column":26}},"53":{"start":{"line":85,"column":6},"end":{"line":85,"column":23}},"54":{"start":{"line":88,"column":4},"end":{"line":88,"column":22}},"55":{"start":{"line":90,"column":4},"end":{"line":93,"column":7}},"56":{"start":{"line":96,"column":4},"end":{"line":96,"column":47}},"57":{"start":{"line":97,"column":4},"end":{"line":97,"column":63}}},"fnMap":{"0":{"name":"(anonymous_0)","decl":{"start":{"line":3,"column":25},"end":{"line":3,"column":26}},"loc":{"start":{"line":3,"column":45},"end":{"line":7,"column":1}},"line":3},"1":{"name":"(anonymous_1)","decl":{"start":{"line":9,"column":32},"end":{"line":9,"column":33}},"loc":{"start":{"line":9,"column":52},"end":{"line":19,"column":1}},"line":9},"2":{"name":"(anonymous_2)","decl":{"start":{"line":21,"column":26},"end":{"line":21,"column":27}},"loc":{"start":{"line":21,"column":46},"end":{"line":28,"column":1}},"line":21},"3":{"name":"(anonymous_3)","decl":{"start":{"line":31,"column":30},"end":{"line":31,"column":31}},"loc":{"start":{"line":31,"column":50},"end":{"line":39,"column":1}},"line":31},"4":{"name":"(anonymous_4)","decl":{"start":{"line":42,"column":33},"end":{"line":42,"column":34}},"loc":{"start":{"line":42,"column":53},"end":{"line":64,"column":1}},"line":42},"5":{"name":"(anonymous_5)","decl":{"start":{"line":66,"column":27},"end":{"line":66,"column":28}},"loc":{"start":{"line":66,"column":47},"end":{"line":99,"column":1}},"line":66}},"branchMap":{"0":{"loc":{"start":{"line":4,"column":2},"end":{"line":4,"column":60}},"type":"if","locations":[{"start":{"line":4,"column":2},"end":{"line":4,"column":60}},{"start":{},"end":{}}],"line":4},"1":{"loc":{"start":{"line":10,"column":2},"end":{"line":10,"column":60}},"type":"if","locations":[{"start":{"line":10,"column":2},"end":{"line":10,"column":60}},{"start":{},"end":{}}],"line":10},"2":{"loc":{"start":{"line":12,"column":2},"end":{"line":12,"column":72}},"type":"if","locations":[{"start":{"line":12,"column":2},"end":{"line":12,"column":72}},{"start":{},"end":{}}],"line":12},"3":{"loc":{"start":{"line":16,"column":21},"end":{"line":16,"column":64}},"type":"cond-expr","locations":[{"start":{"line":16,"column":37},"end":{"line":16,"column":48}},{"start":{"line":16,"column":51},"end":{"line":16,"column":64}}],"line":16},"4":{"loc":{"start":{"line":22,"column":2},"end":{"line":22,"column":60}},"type":"if","locations":[{"start":{"line":22,"column":2},"end":{"line":22,"column":60}},{"start":{},"end":{}}],"line":22},"5":{"loc":{"start":{"line":24,"column":2},"end":{"line":24,"column":72}},"type":"if","locations":[{"start":{"line":24,"column":2},"end":{"line":24,"column":72}},{"start":{},"end":{}}],"line":24},"6":{"loc":{"start":{"line":34,"column":4},"end":{"line":34,"column":74}},"type":"if","locations":[{"start":{"line":34,"column":4},"end":{"line":34,"column":74}},{"start":{},"end":{}}],"line":34},"7":{"loc":{"start":{"line":35,"column":13},"end":{"line":35,"column":69}},"type":"binary-expr","locations":[{"start":{"line":35,"column":13},"end":{"line":35,"column":29}},{"start":{"line":35,"column":33},"end":{"line":35,"column":69}}],"line":35},"8":{"loc":{"start":{"line":47,"column":4},"end":{"line":47,"column":74}},"type":"if","locations":[{"start":{"line":47,"column":4},"end":{"line":47,"column":74}},{"start":{},"end":{}}],"line":47},"9":{"loc":{"start":{"line":50,"column":14},"end":{"line":50,"column":49}},"type":"cond-expr","locations":[{"start":{"line":50,"column":38},"end":{"line":50,"column":44}},{"start":{"line":50,"column":47},"end":{"line":50,"column":49}}],"line":50},"10":{"loc":{"start":{"line":51,"column":13},"end":{"line":51,"column":46}},"type":"cond-expr","locations":[{"start":{"line":51,"column":36},"end":{"line":51,"column":41}},{"start":{"line":51,"column":44},"end":{"line":51,"column":46}}],"line":51},"11":{"loc":{"start":{"line":52,"column":13},"end":{"line":52,"column":58}},"type":"cond-expr","locations":[{"start":{"line":52,"column":36},"end":{"line":52,"column":53}},{"start":{"line":52,"column":56},"end":{"line":52,"column":58}}],"line":52},"12":{"loc":{"start":{"line":67,"column":2},"end":{"line":67,"column":60}},"type":"if","locations":[{"start":{"line":67,"column":2},"end":{"line":67,"column":60}},{"start":{},"end":{}}],"line":67},"13":{"loc":{"start":{"line":71,"column":4},"end":{"line":71,"column":74}},"type":"if","locations":[{"start":{"line":71,"column":4},"end":{"line":71,"column":74}},{"start":{},"end":{}}],"line":71},"14":{"loc":{"start":{"line":75,"column":4},"end":{"line":77,"column":5}},"type":"if","locations":[{"start":{"line":75,"column":4},"end":{"line":77,"column":5}},{"start":{},"end":{}}],"line":75},"15":{"loc":{"start":{"line":75,"column":8},"end":{"line":75,"column":49}},"type":"binary-expr","locations":[{"start":{"line":75,"column":8},"end":{"line":75,"column":29}},{"start":{"line":75,"column":33},"end":{"line":75,"column":49}}],"line":75},"16":{"loc":{"start":{"line":80,"column":4},"end":{"line":86,"column":5}},"type":"if","locations":[{"start":{"line":80,"column":4},"end":{"line":86,"column":5}},{"start":{"line":82,"column":11},"end":{"line":86,"column":5}}],"line":80},"17":{"loc":{"start":{"line":82,"column":11},"end":{"line":86,"column":5}},"type":"if","locations":[{"start":{"line":82,"column":11},"end":{"line":86,"column":5}},{"start":{"line":84,"column":11},"end":{"line":86,"column":5}}],"line":82}},"s":{"0":12,"1":2,"2":1,"3":1,"4":1,"5":12,"6":3,"7":1,"8":2,"9":2,"10":1,"11":1,"12":1,"13":1,"14":12,"15":3,"16":1,"17":2,"18":2,"19":1,"20":1,"21":1,"22":12,"23":3,"24":3,"25":2,"26":1,"27":1,"28":1,"29":12,"30":4,"31":4,"32":4,"33":3,"34":1,"35":2,"36":2,"37":2,"38":1,"39":12,"40":8,"41":1,"42":7,"43":7,"44":7,"45":1,"46":6,"47":6,"48":0,"49":6,"50":2,"51":4,"52":2,"53":2,"54":6,"55":6,"56":0,"57":0},"f":{"0":2,"1":3,"2":3,"3":3,"4":4,"5":8},"b":{"0":[1,1],"1":[1,2],"2":[1,1],"3":[1,0],"4":[1,2],"5":[1,1],"6":[1,1],"7":[1,0],"8":[1,2],"9":[1,1],"10":[1,1],"11":[1,1],"12":[1,7],"13":[1,6],"14":[0,6],"15":[6,2],"16":[2,4],"17":[2,2]},"_coverageSchema":"1a1c01bbd47fc00a2c39e90264f33305004495a9","hash":"b5ef5d4ec781f291fe8756fb4a347274112b7102"}
,"/Users/jessicamorcos/Desktop/Git_projects/Soundset/server/src/middleware/auth.js": {"path":"/Users/jessicamorcos/Desktop/Git_projects/Soundset/server/src/middleware/auth.js","statementMap":{"0":{"start":{"line":4,"column":30},"end":{"line":18,"column":1}},"1":{"start":{"line":5,"column":21},"end":{"line":5,"column":46}},"2":{"start":{"line":6,"column":2},"end":{"line":6,"column":72}},"3":{"start":{"line":6,"column":19},"end":{"line":6,"column":72}},"4":{"start":{"line":8,"column":16},"end":{"line":8,"column":40}},"5":{"start":{"line":9,"column":2},"end":{"line":17,"column":3}},"6":{"start":{"line":10,"column":20},"end":{"line":10,"column":61}},"7":{"start":{"line":11,"column":17},"end":{"line":11,"column":48}},"8":{"start":{"line":12,"column":4},"end":{"line":12,"column":74}},"9":{"start":{"line":12,"column":15},"end":{"line":12,"column":74}},"10":{"start":{"line":13,"column":4},"end":{"line":13,"column":20}},"11":{"start":{"line":14,"column":4},"end":{"line":14,"column":11}},"12":{"start":{"line":16,"column":4},"end":{"line":16,"column":62}},"13":{"start":{"line":22,"column":25},"end":{"line":29,"column":1}},"14":{"start":{"line":23,"column":2},"end":{"line":28,"column":4}},"15":{"start":{"line":24,"column":4},"end":{"line":26,"column":5}},"16":{"start":{"line":25,"column":6},"end":{"line":25,"column":64}},"17":{"start":{"line":27,"column":4},"end":{"line":27,"column":11}},"18":{"start":{"line":32,"column":25},"end":{"line":37,"column":1}},"19":{"start":{"line":33,"column":2},"end":{"line":35,"column":3}},"20":{"start":{"line":34,"column":4},"end":{"line":34,"column":66}},"21":{"start":{"line":36,"column":2},"end":{"line":36,"column":9}}},"fnMap":{"0":{"name":"(anonymous_0)","decl":{"start":{"line":4,"column":30},"end":{"line":4,"column":31}},"loc":{"start":{"line":4,"column":56},"end":{"line":18,"column":1}},"line":4},"1":{"name":"(anonymous_1)","decl":{"start":{"line":22,"column":25},"end":{"line":22,"column":26}},"loc":{"start":{"line":22,"column":41},"end":{"line":29,"column":1}},"line":22},"2":{"name":"(anonymous_2)","decl":{"start":{"line":23,"column":9},"end":{"line":23,"column":10}},"loc":{"start":{"line":23,"column":29},"end":{"line":28,"column":3}},"line":23},"3":{"name":"(anonymous_3)","decl":{"start":{"line":32,"column":25},"end":{"line":32,"column":26}},"loc":{"start":{"line":32,"column":45},"end":{"line":37,"column":1}},"line":32}},"branchMap":{"0":{"loc":{"start":{"line":6,"column":2},"end":{"line":6,"column":72}},"type":"if","locations":[{"start":{"line":6,"column":2},"end":{"line":6,"column":72}},{"start":{},"end":{}}],"line":6},"1":{"loc":{"start":{"line":12,"column":4},"end":{"line":12,"column":74}},"type":"if","locations":[{"start":{"line":12,"column":4},"end":{"line":12,"column":74}},{"start":{},"end":{}}],"line":12},"2":{"loc":{"start":{"line":22,"column":26},"end":{"line":22,"column":36}},"type":"default-arg","locations":[{"start":{"line":22,"column":34},"end":{"line":22,"column":36}}],"line":22},"3":{"loc":{"start":{"line":24,"column":4},"end":{"line":26,"column":5}},"type":"if","locations":[{"start":{"line":24,"column":4},"end":{"line":26,"column":5}},{"start":{},"end":{}}],"line":24},"4":{"loc":{"start":{"line":33,"column":2},"end":{"line":35,"column":3}},"type":"if","locations":[{"start":{"line":33,"column":2},"end":{"line":35,"column":3}},{"start":{},"end":{}}],"line":33},"5":{"loc":{"start":{"line":33,"column":6},"end":{"line":33,"column":44}},"type":"binary-expr","locations":[{"start":{"line":33,"column":6},"end":{"line":33,"column":15}},{"start":{"line":33,"column":19},"end":{"line":33,"column":44}}],"line":33}},"s":{"0":13,"1":74,"2":74,"3":1,"4":73,"5":73,"6":73,"7":72,"8":72,"9":2,"10":70,"11":70,"12":1,"13":13,"14":2,"15":2,"16":1,"17":1,"18":13,"19":12,"20":2,"21":10},"f":{"0":74,"1":2,"2":2,"3":12},"b":{"0":[1,73],"1":[2,70],"2":[0],"3":[1,1],"4":[2,10],"5":[12,11]},"_coverageSchema":"1a1c01bbd47fc00a2c39e90264f33305004495a9","hash":"c80f1ffc57aa60b79f00c109c3066ea88c405502"}
,"/Users/jessicamorcos/Desktop/Git_projects/Soundset/server/src/models/DjProfile.js": {"path":"/Users/jessicamorcos/Desktop/Git_projects/Soundset/server/src/models/DjProfile.js","statementMap":{"0":{"start":{"line":4,"column":24},"end":{"line":10,"column":2}}},"fnMap":{},"branchMap":{},"s":{"0":11},"f":{},"b":{},"_coverageSchema":"1a1c01bbd47fc00a2c39e90264f33305004495a9","hash":"4efa5b3c6bb44229ee3e68790d166d2cfe9f8a25"}
,"/Users/jessicamorcos/Desktop/Git_projects/Soundset/server/src/models/PlayHistory.js": {"path":"/Users/jessicamorcos/Desktop/Git_projects/Soundset/server/src/models/PlayHistory.js","statementMap":{"0":{"start":{"line":3,"column":26},"end":{"line":10,"column":1}}},"fnMap":{},"branchMap":{},"s":{"0":12},"f":{},"b":{},"_coverageSchema":"1a1c01bbd47fc00a2c39e90264f33305004495a9","hash":"488a490e1d8de1e48556d3daa89cf7cba6b1ec87"}
,"/Users/jessicamorcos/Desktop/Git_projects/Soundset/server/src/models/Playlist.js": {"path":"/Users/jessicamorcos/Desktop/Git_projects/Soundset/server/src/models/Playlist.js","statementMap":{"0":{"start":{"line":4,"column":27},"end":{"line":7,"column":2}},"1":{"start":{"line":10,"column":23},"end":{"line":43,"column":1}},"2":{"start":{"line":46,"column":0},"end":{"line":48,"column":3}},"3":{"start":{"line":47,"column":2},"end":{"line":47,"column":48}}},"fnMap":{"0":{"name":"(anonymous_0)","decl":{"start":{"line":46,"column":46},"end":{"line":46,"column":47}},"loc":{"start":{"line":46,"column":58},"end":{"line":48,"column":1}},"line":46}},"branchMap":{},"s":{"0":12,"1":12,"2":12,"3":1},"f":{"0":1},"b":{},"_coverageSchema":"1a1c01bbd47fc00a2c39e90264f33305004495a9","hash":"edbcfe9c1829a74e61ef2d1dcab5ff8fb348e893"}
,"/Users/jessicamorcos/Desktop/Git_projects/Soundset/server/src/models/Song.js": {"path":"/Users/jessicamorcos/Desktop/Git_projects/Soundset/server/src/models/Song.js","statementMap":{"0":{"start":{"line":3,"column":19},"end":{"line":15,"column":2}}},"fnMap":{},"branchMap":{},"s":{"0":12},"f":{},"b":{},"_coverageSchema":"1a1c01bbd47fc00a2c39e90264f33305004495a9","hash":"f2b87b161a539eafa36b744c7779078998c3838c"}
,"/Users/jessicamorcos/Desktop/Git_projects/Soundset/server/src/models/User.js": {"path":"/Users/jessicamorcos/Desktop/Git_projects/Soundset/server/src/models/User.js","statementMap":{"0":{"start":{"line":4,"column":22},"end":{"line":8,"column":2}},"1":{"start":{"line":10,"column":19},"end":{"line":21,"column":24}}},"fnMap":{},"branchMap":{},"s":{"0":14,"1":14},"f":{},"b":{},"_coverageSchema":"1a1c01bbd47fc00a2c39e90264f33305004495a9","hash":"ed8bf0d0c1dad0c6fa3b7e2acdd41076ed47e417"}
,"/Users/jessicamorcos/Desktop/Git_projects/Soundset/server/src/routes/authRoutes.js": {"path":"/Users/jessicamorcos/Desktop/Git_projects/Soundset/server/src/routes/authRoutes.js","statementMap":{"0":{"start":{"line":5,"column":15},"end":{"line":5,"column":31}},"1":{"start":{"line":8,"column":0},"end":{"line":8,"column":39}},"2":{"start":{"line":11,"column":0},"end":{"line":11,"column":33}},"3":{"start":{"line":14,"column":0},"end":{"line":14,"column":50}}},"fnMap":{},"branchMap":{},"s":{"0":12,"1":12,"2":12,"3":12},"f":{},"b":{},"_coverageSchema":"1a1c01bbd47fc00a2c39e90264f33305004495a9","hash":"1340e60f8de5bd9f492f2f45bb5a6a623a00e70d"}
,"/Users/jessicamorcos/Desktop/Git_projects/Soundset/server/src/routes/djRoutes.js": {"path":"/Users/jessicamorcos/Desktop/Git_projects/Soundset/server/src/routes/djRoutes.js","statementMap":{"0":{"start":{"line":5,"column":15},"end":{"line":5,"column":31}},"1":{"start":{"line":7,"column":0},"end":{"line":7,"column":25}},"2":{"start":{"line":8,"column":0},"end":{"line":8,"column":30}},"3":{"start":{"line":9,"column":0},"end":{"line":9,"column":48}}},"fnMap":{},"branchMap":{},"s":{"0":11,"1":11,"2":11,"3":11},"f":{},"b":{},"_coverageSchema":"1a1c01bbd47fc00a2c39e90264f33305004495a9","hash":"a2310e8064f2224c740bef7262951331742c7bea"}
,"/Users/jessicamorcos/Desktop/Git_projects/Soundset/server/src/routes/playlistRoutes.js": {"path":"/Users/jessicamorcos/Desktop/Git_projects/Soundset/server/src/routes/playlistRoutes.js","statementMap":{"0":{"start":{"line":16,"column":15},"end":{"line":16,"column":31}},"1":{"start":{"line":20,"column":31},"end":{"line":32,"column":1}},"2":{"start":{"line":21,"column":21},"end":{"line":21,"column":46}},"3":{"start":{"line":22,"column":2},"end":{"line":22,"column":33}},"4":{"start":{"line":22,"column":19},"end":{"line":22,"column":33}},"5":{"start":{"line":24,"column":16},"end":{"line":24,"column":40}},"6":{"start":{"line":25,"column":2},"end":{"line":30,"column":3}},"7":{"start":{"line":26,"column":20},"end":{"line":26,"column":61}},"8":{"start":{"line":27,"column":4},"end":{"line":27,"column":47}},"9":{"start":{"line":31,"column":2},"end":{"line":31,"column":9}},"10":{"start":{"line":36,"column":0},"end":{"line":36,"column":45}},"11":{"start":{"line":39,"column":0},"end":{"line":42,"column":3}},"12":{"start":{"line":40,"column":20},"end":{"line":40,"column":71}},"13":{"start":{"line":41,"column":2},"end":{"line":41,"column":22}},"14":{"start":{"line":45,"column":0},"end":{"line":45,"column":49}},"15":{"start":{"line":46,"column":0},"end":{"line":46,"column":52}},"16":{"start":{"line":47,"column":0},"end":{"line":47,"column":57}},"17":{"start":{"line":48,"column":0},"end":{"line":48,"column":57}},"18":{"start":{"line":49,"column":0},"end":{"line":49,"column":60}},"19":{"start":{"line":53,"column":0},"end":{"line":68,"column":3}},"20":{"start":{"line":54,"column":2},"end":{"line":67,"column":3}},"21":{"start":{"line":55,"column":21},"end":{"line":55,"column":59}},"22":{"start":{"line":56,"column":4},"end":{"line":56,"column":82}},"23":{"start":{"line":56,"column":19},"end":{"line":56,"column":82}},"24":{"start":{"line":58,"column":4},"end":{"line":60,"column":5}},"25":{"start":{"line":59,"column":6},"end":{"line":59,"column":63}},"26":{"start":{"line":62,"column":4},"end":{"line":62,"column":52}},"27":{"start":{"line":63,"column":4},"end":{"line":63,"column":71}},"28":{"start":{"line":65,"column":4},"end":{"line":65,"column":41}},"29":{"start":{"line":66,"column":4},"end":{"line":66,"column":51}},"30":{"start":{"line":71,"column":0},"end":{"line":107,"column":3}},"31":{"start":{"line":72,"column":2},"end":{"line":106,"column":3}},"32":{"start":{"line":73,"column":21},"end":{"line":73,"column":59}},"33":{"start":{"line":74,"column":4},"end":{"line":74,"column":82}},"34":{"start":{"line":74,"column":19},"end":{"line":74,"column":82}},"35":{"start":{"line":76,"column":4},"end":{"line":78,"column":5}},"36":{"start":{"line":77,"column":6},"end":{"line":77,"column":63}},"37":{"start":{"line":80,"column":4},"end":{"line":80,"column":53}},"38":{"start":{"line":80,"column":23},"end":{"line":80,"column":53}},"39":{"start":{"line":81,"column":4},"end":{"line":81,"column":83}},"40":{"start":{"line":81,"column":33},"end":{"line":81,"column":83}},"41":{"start":{"line":83,"column":4},"end":{"line":98,"column":5}},"42":{"start":{"line":84,"column":6},"end":{"line":87,"column":10}},"43":{"start":{"line":84,"column":53},"end":{"line":87,"column":7}},"44":{"start":{"line":89,"column":19},"end":{"line":89,"column":62}},"45":{"start":{"line":90,"column":23},"end":{"line":90,"column":91}},"46":{"start":{"line":90,"column":79},"end":{"line":90,"column":85}},"47":{"start":{"line":91,"column":6},"end":{"line":91,"column":86}},"48":{"start":{"line":91,"column":62},"end":{"line":91,"column":81}},"49":{"start":{"line":93,"column":6},"end":{"line":97,"column":7}},"50":{"start":{"line":94,"column":8},"end":{"line":96,"column":11}},"51":{"start":{"line":100,"column":4},"end":{"line":100,"column":26}},"52":{"start":{"line":101,"column":20},"end":{"line":101,"column":80}},"53":{"start":{"line":102,"column":4},"end":{"line":102,"column":78}},"54":{"start":{"line":104,"column":4},"end":{"line":104,"column":51}},"55":{"start":{"line":105,"column":4},"end":{"line":105,"column":51}},"56":{"start":{"line":109,"column":0},"end":{"line":162,"column":3}},"57":{"start":{"line":110,"column":2},"end":{"line":161,"column":3}},"58":{"start":{"line":111,"column":21},"end":{"line":111,"column":59}},"59":{"start":{"line":112,"column":4},"end":{"line":112,"column":82}},"60":{"start":{"line":112,"column":19},"end":{"line":112,"column":82}},"61":{"start":{"line":115,"column":4},"end":{"line":117,"column":5}},"62":{"start":{"line":116,"column":6},"end":{"line":116,"column":63}},"63":{"start":{"line":119,"column":23},"end":{"line":119,"column":31}},"64":{"start":{"line":120,"column":4},"end":{"line":120,"column":80}},"65":{"start":{"line":120,"column":17},"end":{"line":120,"column":80}},"66":{"start":{"line":122,"column":17},"end":{"line":122,"column":44}},"67":{"start":{"line":123,"column":4},"end":{"line":123,"column":74}},"68":{"start":{"line":123,"column":15},"end":{"line":123,"column":74}},"69":{"start":{"line":126,"column":19},"end":{"line":126,"column":83}},"70":{"start":{"line":126,"column":50},"end":{"line":126,"column":82}},"71":{"start":{"line":127,"column":4},"end":{"line":129,"column":5}},"72":{"start":{"line":128,"column":6},"end":{"line":128,"column":75}},"73":{"start":{"line":132,"column":4},"end":{"line":135,"column":7}},"74":{"start":{"line":138,"column":21},"end":{"line":140,"column":6}},"75":{"start":{"line":139,"column":44},"end":{"line":139,"column":50}},"76":{"start":{"line":141,"column":4},"end":{"line":141,"column":84}},"77":{"start":{"line":141,"column":60},"end":{"line":141,"column":79}},"78":{"start":{"line":144,"column":4},"end":{"line":148,"column":5}},"79":{"start":{"line":145,"column":6},"end":{"line":147,"column":9}},"80":{"start":{"line":150,"column":4},"end":{"line":150,"column":26}},"81":{"start":{"line":151,"column":4},"end":{"line":151,"column":42}},"82":{"start":{"line":153,"column":4},"end":{"line":156,"column":7}},"83":{"start":{"line":159,"column":4},"end":{"line":159,"column":45}},"84":{"start":{"line":160,"column":4},"end":{"line":160,"column":60}}},"fnMap":{"0":{"name":"(anonymous_0)","decl":{"start":{"line":20,"column":31},"end":{"line":20,"column":32}},"loc":{"start":{"line":20,"column":57},"end":{"line":32,"column":1}},"line":20},"1":{"name":"(anonymous_1)","decl":{"start":{"line":39,"column":28},"end":{"line":39,"column":29}},"loc":{"start":{"line":39,"column":48},"end":{"line":42,"column":1}},"line":39},"2":{"name":"(anonymous_2)","decl":{"start":{"line":53,"column":38},"end":{"line":53,"column":39}},"loc":{"start":{"line":53,"column":58},"end":{"line":68,"column":1}},"line":53},"3":{"name":"(anonymous_3)","decl":{"start":{"line":71,"column":35},"end":{"line":71,"column":36}},"loc":{"start":{"line":71,"column":55},"end":{"line":107,"column":1}},"line":71},"4":{"name":"(anonymous_4)","decl":{"start":{"line":84,"column":42},"end":{"line":84,"column":43}},"loc":{"start":{"line":84,"column":53},"end":{"line":87,"column":7}},"line":84},"5":{"name":"(anonymous_5)","decl":{"start":{"line":90,"column":72},"end":{"line":90,"column":73}},"loc":{"start":{"line":90,"column":79},"end":{"line":90,"column":85}},"line":90},"6":{"name":"(anonymous_6)","decl":{"start":{"line":91,"column":50},"end":{"line":91,"column":51}},"loc":{"start":{"line":91,"column":62},"end":{"line":91,"column":81}},"line":91},"7":{"name":"(anonymous_7)","decl":{"start":{"line":109,"column":40},"end":{"line":109,"column":41}},"loc":{"start":{"line":109,"column":60},"end":{"line":162,"column":1}},"line":109},"8":{"name":"(anonymous_8)","decl":{"start":{"line":126,"column":39},"end":{"line":126,"column":40}},"loc":{"start":{"line":126,"column":50},"end":{"line":126,"column":82}},"line":126},"9":{"name":"(anonymous_9)","decl":{"start":{"line":139,"column":37},"end":{"line":139,"column":38}},"loc":{"start":{"line":139,"column":44},"end":{"line":139,"column":50}},"line":139},"10":{"name":"(anonymous_10)","decl":{"start":{"line":141,"column":48},"end":{"line":141,"column":49}},"loc":{"start":{"line":141,"column":60},"end":{"line":141,"column":79}},"line":141}},"branchMap":{"0":{"loc":{"start":{"line":22,"column":2},"end":{"line":22,"column":33}},"type":"if","locations":[{"start":{"line":22,"column":2},"end":{"line":22,"column":33}},{"start":{},"end":{}}],"line":22},"1":{"loc":{"start":{"line":56,"column":4},"end":{"line":56,"column":82}},"type":"if","locations":[{"start":{"line":56,"column":4},"end":{"line":56,"column":82}},{"start":{},"end":{}}],"line":56},"2":{"loc":{"start":{"line":58,"column":4},"end":{"line":60,"column":5}},"type":"if","locations":[{"start":{"line":58,"column":4},"end":{"line":60,"column":5}},{"start":{},"end":{}}],"line":58},"3":{"loc":{"start":{"line":74,"column":4},"end":{"line":74,"column":82}},"type":"if","locations":[{"start":{"line":74,"column":4},"end":{"line":74,"column":82}},{"start":{},"end":{}}],"line":74},"4":{"loc":{"start":{"line":76,"column":4},"end":{"line":78,"column":5}},"type":"if","locations":[{"start":{"line":76,"column":4},"end":{"line":78,"column":5}},{"start":{},"end":{}}],"line":76},"5":{"loc":{"start":{"line":80,"column":4},"end":{"line":80,"column":53}},"type":"if","locations":[{"start":{"line":80,"column":4},"end":{"line":80,"column":53}},{"start":{},"end":{}}],"line":80},"6":{"loc":{"start":{"line":81,"column":4},"end":{"line":81,"column":83}},"type":"if","locations":[{"start":{"line":81,"column":4},"end":{"line":81,"column":83}},{"start":{},"end":{}}],"line":81},"7":{"loc":{"start":{"line":83,"column":4},"end":{"line":98,"column":5}},"type":"if","locations":[{"start":{"line":83,"column":4},"end":{"line":98,"column":5}},{"start":{},"end":{}}],"line":83},"8":{"loc":{"start":{"line":83,"column":8},"end":{"line":83,"column":55}},"type":"binary-expr","locations":[{"start":{"line":83,"column":8},"end":{"line":83,"column":22}},{"start":{"line":83,"column":26},"end":{"line":83,"column":55}}],"line":83},"9":{"loc":{"start":{"line":86,"column":15},"end":{"line":86,"column":27}},"type":"binary-expr","locations":[{"start":{"line":86,"column":15},"end":{"line":86,"column":22}},{"start":{"line":86,"column":26},"end":{"line":86,"column":27}}],"line":86},"10":{"loc":{"start":{"line":93,"column":6},"end":{"line":97,"column":7}},"type":"if","locations":[{"start":{"line":93,"column":6},"end":{"line":97,"column":7}},{"start":{},"end":{}}],"line":93},"11":{"loc":{"start":{"line":93,"column":10},"end":{"line":93,"column":82}},"type":"binary-expr","locations":[{"start":{"line":93,"column":10},"end":{"line":93,"column":39}},{"start":{"line":93,"column":43},"end":{"line":93,"column":82}}],"line":93},"12":{"loc":{"start":{"line":112,"column":4},"end":{"line":112,"column":82}},"type":"if","locations":[{"start":{"line":112,"column":4},"end":{"line":112,"column":82}},{"start":{},"end":{}}],"line":112},"13":{"loc":{"start":{"line":115,"column":4},"end":{"line":117,"column":5}},"type":"if","locations":[{"start":{"line":115,"column":4},"end":{"line":117,"column":5}},{"start":{},"end":{}}],"line":115},"14":{"loc":{"start":{"line":120,"column":4},"end":{"line":120,"column":80}},"type":"if","locations":[{"start":{"line":120,"column":4},"end":{"line":120,"column":80}},{"start":{},"end":{}}],"line":120},"15":{"loc":{"start":{"line":123,"column":4},"end":{"line":123,"column":74}},"type":"if","locations":[{"start":{"line":123,"column":4},"end":{"line":123,"column":74}},{"start":{},"end":{}}],"line":123},"16":{"loc":{"start":{"line":127,"column":4},"end":{"line":129,"column":5}},"type":"if","locations":[{"start":{"line":127,"column":4},"end":{"line":129,"column":5}},{"start":{},"end":{}}],"line":127},"17":{"loc":{"start":{"line":144,"column":4},"end":{"line":148,"column":5}},"type":"if","locations":[{"start":{"line":144,"column":4},"end":{"line":148,"column":5}},{"start":{},"end":{}}],"line":144}},"s":{"0":11,"1":11,"2":6,"3":6,"4":0,"5":6,"6":6,"7":6,"8":6,"9":6,"10":11,"11":11,"12":1,"13":1,"14":11,"15":11,"16":11,"17":11,"18":11,"19":11,"20":3,"21":3,"22":2,"23":0,"24":2,"25":1,"26":1,"27":1,"28":1,"29":1,"30":11,"31":4,"32":4,"33":3,"34":0,"35":3,"36":1,"37":2,"38":1,"39":2,"40":0,"41":2,"42":1,"43":2,"44":1,"45":1,"46":2,"47":1,"48":2,"49":1,"50":1,"51":1,"52":1,"53":1,"54":1,"55":1,"56":11,"57":7,"58":7,"59":6,"60":0,"61":6,"62":1,"63":5,"64":5,"65":1,"66":4,"67":4,"68":1,"69":3,"70":2,"71":3,"72":1,"73":2,"74":2,"75":3,"76":2,"77":3,"78":2,"79":1,"80":1,"81":1,"82":1,"83":1,"84":1},"f":{"0":6,"1":1,"2":3,"3":4,"4":2,"5":2,"6":2,"7":7,"8":2,"9":3,"10":3},"b":{"0":[0,6],"1":[0,2],"2":[1,1],"3":[0,3],"4":[1,2],"5":[1,1],"6":[0,2],"7":[1,1],"8":[2,1],"9":[2,0],"10":[1,0],"11":[1,1],"12":[0,6],"13":[1,5],"14":[1,4],"15":[1,3],"16":[1,2],"17":[1,1]},"_coverageSchema":"1a1c01bbd47fc00a2c39e90264f33305004495a9","hash":"7c10f75102b514ae4f863ef8ae9576c62b20c40f"}
,"/Users/jessicamorcos/Desktop/Git_projects/Soundset/server/src/routes/songRoutes.js": {"path":"/Users/jessicamorcos/Desktop/Git_projects/Soundset/server/src/routes/songRoutes.js","statementMap":{"0":{"start":{"line":13,"column":15},"end":{"line":13,"column":31}},"1":{"start":{"line":16,"column":0},"end":{"line":16,"column":43}},"2":{"start":{"line":17,"column":0},"end":{"line":17,"column":53}},"3":{"start":{"line":20,"column":0},"end":{"line":20,"column":56}},"4":{"start":{"line":21,"column":0},"end":{"line":21,"column":58}},"5":{"start":{"line":22,"column":0},"end":{"line":22,"column":73}},"6":{"start":{"line":23,"column":0},"end":{"line":23,"column":61}}},"fnMap":{},"branchMap":{},"s":{"0":11,"1":11,"2":11,"3":11,"4":11,"5":11,"6":11},"f":{},"b":{},"_coverageSchema":"1a1c01bbd47fc00a2c39e90264f33305004495a9","hash":"8427b0250b6039cdcdf05d2867c3d6408ca11894"}
,"/Users/jessicamorcos/Desktop/Git_projects/Soundset/server/src/routes/statsRoutes.js": {"path":"/Users/jessicamorcos/Desktop/Git_projects/Soundset/server/src/routes/statsRoutes.js","statementMap":{"0":{"start":{"line":6,"column":15},"end":{"line":6,"column":31}},"1":{"start":{"line":12,"column":0},"end":{"line":29,"column":3}},"2":{"start":{"line":13,"column":2},"end":{"line":28,"column":3}},"3":{"start":{"line":14,"column":23},"end":{"line":14,"column":31}},"4":{"start":{"line":16,"column":17},"end":{"line":16,"column":62}},"5":{"start":{"line":17,"column":4},"end":{"line":17,"column":74}},"6":{"start":{"line":17,"column":15},"end":{"line":17,"column":74}},"7":{"start":{"line":19,"column":4},"end":{"line":22,"column":7}},"8":{"start":{"line":24,"column":4},"end":{"line":24,"column":71}},"9":{"start":{"line":26,"column":4},"end":{"line":26,"column":46}},"10":{"start":{"line":27,"column":4},"end":{"line":27,"column":60}},"11":{"start":{"line":31,"column":0},"end":{"line":66,"column":3}},"12":{"start":{"line":32,"column":2},"end":{"line":65,"column":3}},"13":{"start":{"line":33,"column":17},"end":{"line":60,"column":6}},"14":{"start":{"line":61,"column":4},"end":{"line":61,"column":19}},"15":{"start":{"line":63,"column":4},"end":{"line":63,"column":52}},"16":{"start":{"line":64,"column":4},"end":{"line":64,"column":73}},"17":{"start":{"line":68,"column":0},"end":{"line":89,"column":3}},"18":{"start":{"line":69,"column":15},"end":{"line":87,"column":4}},"19":{"start":{"line":88,"column":2},"end":{"line":88,"column":17}},"20":{"start":{"line":91,"column":0},"end":{"line":112,"column":3}},"21":{"start":{"line":92,"column":15},"end":{"line":110,"column":4}},"22":{"start":{"line":111,"column":2},"end":{"line":111,"column":17}},"23":{"start":{"line":118,"column":0},"end":{"line":149,"column":3}},"24":{"start":{"line":119,"column":2},"end":{"line":148,"column":3}},"25":{"start":{"line":120,"column":19},"end":{"line":120,"column":32}},"26":{"start":{"line":122,"column":18},"end":{"line":142,"column":6}},"27":{"start":{"line":144,"column":4},"end":{"line":144,"column":29}},"28":{"start":{"line":146,"column":4},"end":{"line":146,"column":53}},"29":{"start":{"line":147,"column":4},"end":{"line":147,"column":68}},"30":{"start":{"line":155,"column":0},"end":{"line":191,"column":3}},"31":{"start":{"line":156,"column":2},"end":{"line":190,"column":3}},"32":{"start":{"line":157,"column":19},"end":{"line":157,"column":32}},"33":{"start":{"line":159,"column":17},"end":{"line":184,"column":6}},"34":{"start":{"line":186,"column":4},"end":{"line":186,"column":19}},"35":{"start":{"line":188,"column":4},"end":{"line":188,"column":51}},"36":{"start":{"line":189,"column":4},"end":{"line":189,"column":71}},"37":{"start":{"line":197,"column":0},"end":{"line":208,"column":3}},"38":{"start":{"line":198,"column":2},"end":{"line":207,"column":3}},"39":{"start":{"line":199,"column":17},"end":{"line":201,"column":29}},"40":{"start":{"line":203,"column":4},"end":{"line":203,"column":19}},"41":{"start":{"line":205,"column":4},"end":{"line":205,"column":47}},"42":{"start":{"line":206,"column":4},"end":{"line":206,"column":67}},"43":{"start":{"line":214,"column":0},"end":{"line":264,"column":3}},"44":{"start":{"line":215,"column":2},"end":{"line":263,"column":3}},"45":{"start":{"line":216,"column":17},"end":{"line":257,"column":6}},"46":{"start":{"line":259,"column":4},"end":{"line":259,"column":19}},"47":{"start":{"line":261,"column":4},"end":{"line":261,"column":58}},"48":{"start":{"line":262,"column":4},"end":{"line":262,"column":73}}},"fnMap":{"0":{"name":"(anonymous_0)","decl":{"start":{"line":12,"column":36},"end":{"line":12,"column":37}},"loc":{"start":{"line":12,"column":56},"end":{"line":29,"column":1}},"line":12},"1":{"name":"(anonymous_1)","decl":{"start":{"line":31,"column":41},"end":{"line":31,"column":42}},"loc":{"start":{"line":31,"column":61},"end":{"line":66,"column":1}},"line":31},"2":{"name":"(anonymous_2)","decl":{"start":{"line":68,"column":38},"end":{"line":68,"column":39}},"loc":{"start":{"line":68,"column":58},"end":{"line":89,"column":1}},"line":68},"3":{"name":"(anonymous_3)","decl":{"start":{"line":91,"column":37},"end":{"line":91,"column":38}},"loc":{"start":{"line":91,"column":57},"end":{"line":112,"column":1}},"line":91},"4":{"name":"(anonymous_4)","decl":{"start":{"line":118,"column":40},"end":{"line":118,"column":41}},"loc":{"start":{"line":118,"column":60},"end":{"line":149,"column":1}},"line":118},"5":{"name":"(anonymous_5)","decl":{"start":{"line":155,"column":49},"end":{"line":155,"column":50}},"loc":{"start":{"line":155,"column":69},"end":{"line":191,"column":1}},"line":155},"6":{"name":"(anonymous_6)","decl":{"start":{"line":197,"column":49},"end":{"line":197,"column":50}},"loc":{"start":{"line":197,"column":69},"end":{"line":208,"column":1}},"line":197},"7":{"name":"(anonymous_7)","decl":{"start":{"line":214,"column":44},"end":{"line":214,"column":45}},"loc":{"start":{"line":214,"column":64},"end":{"line":264,"column":1}},"line":214}},"branchMap":{"0":{"loc":{"start":{"line":17,"column":4},"end":{"line":17,"column":74}},"type":"if","locations":[{"start":{"line":17,"column":4},"end":{"line":17,"column":74}},{"start":{},"end":{}}],"line":17},"1":{"loc":{"start":{"line":144,"column":13},"end":{"line":144,"column":27}},"type":"binary-expr","locations":[{"start":{"line":144,"column":13},"end":{"line":144,"column":21}},{"start":{"line":144,"column":25},"end":{"line":144,"column":27}}],"line":144}},"s":{"0":11,"1":11,"2":5,"3":5,"4":5,"5":3,"6":1,"7":2,"8":2,"9":2,"10":2,"11":11,"12":2,"13":2,"14":2,"15":0,"16":0,"17":11,"18":2,"19":1,"20":11,"21":2,"22":1,"23":11,"24":1,"25":1,"26":1,"27":1,"28":0,"29":0,"30":11,"31":1,"32":1,"33":1,"34":1,"35":0,"36":0,"37":11,"38":1,"39":1,"40":0,"41":1,"42":1,"43":11,"44":1,"45":1,"46":1,"47":0,"48":0},"f":{"0":5,"1":2,"2":2,"3":2,"4":1,"5":1,"6":1,"7":1},"b":{"0":[1,2],"1":[1,0]},"_coverageSchema":"1a1c01bbd47fc00a2c39e90264f33305004495a9","hash":"4391ae0095288c140ddb67aff44d69dccb915eb1"}
,"/Users/jessicamorcos/Desktop/Git_projects/Soundset/server/src/routes/uploadRoutes.js": {"path":"/Users/jessicamorcos/Desktop/Git_projects/Soundset/server/src/routes/uploadRoutes.js","statementMap":{"0":{"start":{"line":9,"column":0},"end":{"line":9,"column":16}},"1":{"start":{"line":11,"column":15},"end":{"line":11,"column":31}},"2":{"start":{"line":14,"column":0},"end":{"line":18,"column":3}},"3":{"start":{"line":23,"column":20},"end":{"line":30,"column":4}},"4":{"start":{"line":24,"column":2},"end":{"line":30,"column":4}},"5":{"start":{"line":33,"column":20},"end":{"line":33,"column":61}},"6":{"start":{"line":34,"column":20},"end":{"line":34,"column":62}},"7":{"start":{"line":37,"column":0},"end":{"line":50,"column":2}},"8":{"start":{"line":43,"column":4},"end":{"line":46,"column":5}},"9":{"start":{"line":44,"column":6},"end":{"line":44,"column":78}},"10":{"start":{"line":45,"column":6},"end":{"line":45,"column":64}},"11":{"start":{"line":47,"column":4},"end":{"line":47,"column":52}},"12":{"start":{"line":48,"column":4},"end":{"line":48,"column":37}},"13":{"start":{"line":53,"column":0},"end":{"line":66,"column":2}},"14":{"start":{"line":59,"column":4},"end":{"line":62,"column":5}},"15":{"start":{"line":60,"column":6},"end":{"line":60,"column":78}},"16":{"start":{"line":61,"column":6},"end":{"line":61,"column":64}},"17":{"start":{"line":63,"column":4},"end":{"line":63,"column":52}},"18":{"start":{"line":64,"column":4},"end":{"line":64,"column":37}}},"fnMap":{"0":{"name":"(anonymous_0)","decl":{"start":{"line":23,"column":20},"end":{"line":23,"column":21}},"loc":{"start":{"line":24,"column":2},"end":{"line":30,"column":4}},"line":24},"1":{"name":"(anonymous_1)","decl":{"start":{"line":42,"column":2},"end":{"line":42,"column":3}},"loc":{"start":{"line":42,"column":16},"end":{"line":49,"column":3}},"line":42},"2":{"name":"(anonymous_2)","decl":{"start":{"line":58,"column":2},"end":{"line":58,"column":3}},"loc":{"start":{"line":58,"column":16},"end":{"line":65,"column":3}},"line":58}},"branchMap":{"0":{"loc":{"start":{"line":43,"column":4},"end":{"line":46,"column":5}},"type":"if","locations":[{"start":{"line":43,"column":4},"end":{"line":46,"column":5}},{"start":{},"end":{}}],"line":43},"1":{"loc":{"start":{"line":59,"column":4},"end":{"line":62,"column":5}},"type":"if","locations":[{"start":{"line":59,"column":4},"end":{"line":62,"column":5}},{"start":{},"end":{}}],"line":59}},"s":{"0":15,"1":15,"2":15,"3":15,"4":30,"5":15,"6":15,"7":15,"8":3,"9":2,"10":2,"11":1,"12":1,"13":15,"14":2,"15":1,"16":1,"17":1,"18":1},"f":{"0":30,"1":3,"2":2},"b":{"0":[2,1],"1":[1,1]},"_coverageSchema":"1a1c01bbd47fc00a2c39e90264f33305004495a9","hash":"e980a5fe68a09528fad6e52f29cbb6e76a5635a0"}
,"/Users/jessicamorcos/Desktop/Git_projects/Soundset/server/src/routes/userRoutes.js": {"path":"/Users/jessicamorcos/Desktop/Git_projects/Soundset/server/src/routes/userRoutes.js","statementMap":{"0":{"start":{"line":12,"column":15},"end":{"line":12,"column":31}},"1":{"start":{"line":15,"column":0},"end":{"line":15,"column":54}},"2":{"start":{"line":16,"column":0},"end":{"line":16,"column":73}},"3":{"start":{"line":17,"column":0},"end":{"line":17,"column":66}},"4":{"start":{"line":18,"column":0},"end":{"line":18,"column":61}},"5":{"start":{"line":21,"column":0},"end":{"line":21,"column":62}},"6":{"start":{"line":22,"column":0},"end":{"line":22,"column":62}}},"fnMap":{},"branchMap":{},"s":{"0":11,"1":11,"2":11,"3":11,"4":11,"5":11,"6":11},"f":{},"b":{},"_coverageSchema":"1a1c01bbd47fc00a2c39e90264f33305004495a9","hash":"61f65250148cfa4d5d579f5fc7daf52211d7d8ea"}
,"/Users/jessicamorcos/Desktop/Git_projects/Soundset/server/src/test-utils/server.js": {"path":"/Users/jessicamorcos/Desktop/Git_projects/Soundset/server/src/test-utils/server.js","statementMap":{"0":{"start":{"line":17,"column":12},"end":{"line":17,"column":21}},"1":{"start":{"line":20,"column":0},"end":{"line":20,"column":16}},"2":{"start":{"line":21,"column":0},"end":{"line":21,"column":24}},"3":{"start":{"line":24,"column":0},"end":{"line":24,"column":33}},"4":{"start":{"line":25,"column":0},"end":{"line":25,"column":34}},"5":{"start":{"line":26,"column":0},"end":{"line":26,"column":34}},"6":{"start":{"line":27,"column":0},"end":{"line":27,"column":41}},"7":{"start":{"line":28,"column":0},"end":{"line":28,"column":35}},"8":{"start":{"line":29,"column":0},"end":{"line":29,"column":37}},"9":{"start":{"line":30,"column":0},"end":{"line":30,"column":29}},"10":{"start":{"line":33,"column":0},"end":{"line":33,"column":73}}},"fnMap":{},"branchMap":{},"s":{"0":11,"1":11,"2":11,"3":11,"4":11,"5":11,"6":11,"7":11,"8":11,"9":11,"10":11},"f":{},"b":{},"_coverageSchema":"1a1c01bbd47fc00a2c39e90264f33305004495a9","hash":"7273b65c3bd4bb100cca0311d553b319f22e503e"}
}
