TN:
SF:src/test-db.js
FN:12,(anonymous_0)
FN:16,(anonymous_1)
FN:22,(anonymous_2)
FNF:3
FNH:3
FNDA:2,(anonymous_0)
FNDA:1,(anonymous_1)
FNDA:2,(anonymous_2)
DA:5,14
DA:6,14
DA:7,14
DA:12,14
DA:13,2
DA:16,14
DA:17,1
DA:18,1
DA:19,1
DA:22,14
DA:23,2
DA:24,2
DA:25,2
LF:13
LH:13
BRDA:25,0,0,1
BRDA:25,0,1,1
BRF:2
BRH:2
end_of_record
TN:
SF:src/controllers/authController.js
FN:5,(anonymous_0)
FN:19,(anonymous_1)
FN:49,(anonymous_2)
FNF:3
FNH:3
FNDA:5,(anonymous_0)
FNDA:15,(anonymous_1)
FNDA:2,(anonymous_2)
DA:5,12
DA:6,5
DA:7,5
DA:8,5
DA:9,4
DA:11,2
DA:12,2
DA:14,2
DA:16,1
DA:19,12
DA:20,15
DA:21,15
DA:22,15
DA:23,15
DA:26,14
DA:27,2
DA:32,12
DA:33,11
DA:35,9
DA:41,9
DA:43,1
DA:44,1
DA:49,12
DA:50,2
DA:51,2
DA:52,1
DA:54,1
LF:27
LH:27
BRDA:9,0,0,2
BRDA:9,0,1,2
BRDA:23,1,0,1
BRDA:23,1,1,14
BRDA:26,2,0,2
BRDA:26,2,1,12
BRDA:33,3,0,2
BRDA:33,3,1,9
BRF:8
BRH:8
end_of_record
TN:
SF:src/controllers/djController.js
FN:6,(anonymous_0)
FN:28,(anonymous_1)
FN:38,(anonymous_2)
FNF:3
FNH:3
FNDA:4,(anonymous_0)
FNDA:2,(anonymous_1)
FNDA:3,(anonymous_2)
DA:6,11
DA:7,4
DA:8,4
DA:10,3
DA:11,2
DA:15,2
DA:18,1
DA:19,1
DA:20,1
DA:22,1
DA:23,1
DA:28,11
DA:29,2
DA:30,2
DA:31,2
DA:33,0
DA:38,11
DA:39,3
DA:40,3
DA:41,3
DA:43,2
DA:48,1
DA:50,1
DA:51,1
LF:24
LH:23
BRDA:10,0,0,2
BRDA:10,0,1,1
BRDA:41,1,0,1
BRDA:41,1,1,2
BRF:4
BRH:4
end_of_record
TN:
SF:src/controllers/playlistController.js
FN:8,(anonymous_0)
FN:27,(anonymous_1)
FN:30,(anonymous_2)
FN:41,(anonymous_3)
FN:59,(anonymous_4)
FN:64,(anonymous_5)
FN:112,(anonymous_6)
FN:135,(anonymous_7)
FN:157,(anonymous_8)
FN:176,(anonymous_9)
FN:188,(anonymous_10)
FNF:11
FNH:10
FNDA:5,(anonymous_0)
FNDA:3,(anonymous_1)
FNDA:3,(anonymous_2)
FNDA:1,(anonymous_3)
FNDA:1,(anonymous_4)
FNDA:8,(anonymous_5)
FNDA:7,(anonymous_6)
FNDA:0,(anonymous_7)
FNDA:6,(anonymous_8)
FNDA:4,(anonymous_9)
FNDA:2,(anonymous_10)
DA:4,11
DA:5,11
DA:8,11
DA:9,5
DA:10,5
DA:13,5
DA:14,2
DA:22,2
DA:26,3
DA:27,3
DA:30,3
DA:32,3
DA:33,2
DA:38,1
DA:41,1
DA:49,1
DA:52,0
DA:53,0
DA:59,11
DA:60,1
DA:61,1
DA:64,11
DA:65,8
DA:66,8
DA:68,8
DA:69,0
DA:72,8
DA:75,8
DA:76,2
DA:77,2
DA:79,2
DA:86,6
DA:87,3
DA:88,1
DA:91,2
DA:92,2
DA:94,2
DA:101,3
DA:104,0
DA:105,0
DA:112,11
DA:113,7
DA:114,7
DA:115,7
DA:116,2
DA:119,5
DA:120,2
DA:123,3
DA:127,3
DA:128,2
DA:131,1
DA:135,0
DA:143,1
DA:144,1
DA:146,1
DA:152,0
DA:153,0
DA:157,11
DA:158,6
DA:159,6
DA:163,6
DA:164,1
DA:169,5
DA:170,5
DA:171,2
DA:175,3
DA:176,4
DA:180,3
DA:182,0
DA:183,0
DA:188,11
DA:189,2
DA:190,2
DA:195,2
DA:197,0
DA:198,0
LF:76
LH:64
BRDA:10,0,0,2
BRDA:10,1,0,5
BRDA:13,2,0,2
BRDA:13,2,1,3
BRDA:13,3,0,5
BRDA:13,3,1,5
BRDA:32,4,0,2
BRDA:32,4,1,1
BRDA:32,5,0,3
BRDA:32,5,1,3
BRDA:43,6,0,1
BRDA:43,6,1,1
BRDA:68,7,0,0
BRDA:68,7,1,8
BRDA:75,8,0,2
BRDA:75,8,1,6
BRDA:80,9,0,2
BRDA:80,9,1,0
BRDA:86,10,0,3
BRDA:86,10,1,3
BRDA:87,11,0,1
BRDA:87,11,1,2
BRDA:95,12,0,2
BRDA:95,12,1,0
BRDA:115,13,0,2
BRDA:115,13,1,5
BRDA:119,14,0,2
BRDA:119,14,1,3
BRDA:127,15,0,2
BRDA:127,15,1,1
BRDA:163,16,0,1
BRDA:163,16,1,5
BRDA:169,17,0,5
BRDA:169,17,1,5
BRDA:170,18,0,2
BRDA:170,18,1,3
BRDA:170,19,0,5
BRDA:170,19,1,2
BRDA:176,20,0,4
BRDA:176,20,1,4
BRF:40
BRH:37
end_of_record
TN:
SF:src/controllers/songController.js
FN:7,(anonymous_0)
FN:32,(anonymous_1)
FN:43,(anonymous_2)
FN:56,(anonymous_3)
FN:57,(anonymous_4)
FN:60,(anonymous_5)
FN:60,(anonymous_6)
FN:61,(anonymous_7)
FN:61,(anonymous_8)
FN:81,(anonymous_9)
FN:94,(anonymous_10)
FN:112,(anonymous_11)
FN:122,(anonymous_12)
FN:134,(anonymous_13)
FN:149,(anonymous_14)
FNF:15
FNH:13
FNDA:3,(anonymous_0)
FNDA:2,(anonymous_1)
FNDA:1,(anonymous_2)
FNDA:1,(anonymous_3)
FNDA:1,(anonymous_4)
FNDA:0,(anonymous_5)
FNDA:1,(anonymous_6)
FNDA:0,(anonymous_7)
FNDA:1,(anonymous_8)
FNDA:1,(anonymous_9)
FNDA:3,(anonymous_10)
FNDA:2,(anonymous_11)
FNDA:2,(anonymous_12)
FNDA:3,(anonymous_13)
FNDA:2,(anonymous_14)
DA:7,11
DA:8,3
DA:9,3
DA:10,3
DA:12,3
DA:13,3
DA:14,3
DA:15,3
DA:16,3
DA:19,3
DA:20,1
DA:23,3
DA:24,3
DA:26,0
DA:27,0
DA:32,11
DA:33,2
DA:34,2
DA:35,2
DA:36,2
DA:38,2
DA:39,2
DA:40,2
DA:43,2
DA:44,1
DA:45,1
DA:46,1
DA:47,1
DA:48,1
DA:50,1
DA:51,1
DA:55,2
DA:56,2
DA:57,2
DA:60,2
DA:61,2
DA:62,2
DA:64,2
DA:65,2
DA:66,2
DA:67,2
DA:70,2
DA:71,2
DA:72,1
DA:76,2
DA:77,2
DA:80,2
DA:81,2
DA:82,2
DA:84,2
DA:89,4
DA:93,2
DA:94,2
DA:95,3
DA:96,3
DA:97,3
DA:101,2
DA:103,0
DA:104,0
DA:112,11
DA:113,2
DA:114,2
DA:115,2
DA:117,0
DA:122,11
DA:123,2
DA:124,2
DA:125,2
DA:126,1
DA:128,0
DA:129,0
DA:134,11
DA:135,3
DA:136,3
DA:137,3
DA:139,2
DA:140,2
DA:142,2
DA:144,0
DA:149,11
DA:150,2
DA:151,2
DA:152,2
DA:154,1
DA:155,1
DA:157,0
LF:86
LH:77
BRDA:12,0,0,1
BRDA:12,0,1,2
BRDA:13,1,0,1
BRDA:13,1,1,2
BRDA:14,2,0,0
BRDA:14,2,1,3
BRDA:15,3,0,1
BRDA:15,3,1,2
BRDA:16,4,0,0
BRDA:16,4,1,3
BRDA:19,5,0,1
BRDA:19,5,1,2
BRDA:34,6,0,2
BRDA:34,6,1,1
BRDA:36,7,0,0
BRDA:36,7,1,2
BRDA:45,8,0,0
BRDA:45,8,1,1
BRDA:50,9,0,1
BRDA:50,9,1,0
BRDA:50,10,0,1
BRDA:50,10,1,1
BRDA:51,11,0,1
BRDA:51,11,1,0
BRDA:51,12,0,1
BRDA:51,12,1,1
BRDA:56,13,0,1
BRDA:56,13,1,0
BRDA:57,14,0,1
BRDA:57,14,1,0
BRDA:62,15,0,2
BRDA:62,15,1,0
BRDA:65,16,0,1
BRDA:65,16,1,1
BRDA:66,17,0,1
BRDA:66,17,1,1
BRDA:67,18,0,1
BRDA:67,18,1,1
BRDA:71,19,0,1
BRDA:71,19,1,1
BRDA:80,20,0,2
BRDA:80,20,1,0
BRDA:95,21,0,3
BRDA:95,21,1,2
BRDA:95,22,0,3
BRDA:95,22,1,3
BRDA:96,23,0,3
BRDA:96,23,1,2
BRDA:96,24,0,3
BRDA:96,24,1,3
BRDA:125,25,0,1
BRDA:125,25,1,1
BRDA:137,26,0,1
BRDA:137,26,1,2
BRDA:142,27,0,2
BRDA:142,27,1,0
BRDA:152,28,0,1
BRDA:152,28,1,1
BRF:58
BRH:47
end_of_record
TN:
SF:src/controllers/statsController.js
FN:7,(anonymous_0)
FN:33,(anonymous_1)
FN:72,(anonymous_2)
FN:103,(anonymous_3)
FNF:4
FNH:4
FNDA:4,(anonymous_0)
FNDA:2,(anonymous_1)
FNDA:2,(anonymous_2)
FNDA:2,(anonymous_3)
DA:7,1
DA:8,4
DA:9,4
DA:11,4
DA:12,1
DA:15,3
DA:16,2
DA:19,1
DA:25,1
DA:27,1
DA:28,1
DA:33,1
DA:34,2
DA:35,2
DA:64,1
DA:66,1
DA:67,1
DA:72,1
DA:73,2
DA:74,2
DA:95,1
DA:97,1
DA:98,1
DA:103,1
DA:104,2
DA:105,2
DA:126,1
DA:128,1
DA:129,1
LF:29
LH:29
BRDA:11,0,0,1
BRDA:11,0,1,3
BRDA:16,1,0,1
BRDA:16,1,1,1
BRF:4
BRH:4
end_of_record
TN:
SF:src/controllers/userController.js
FN:3,(anonymous_0)
FN:9,(anonymous_1)
FN:21,(anonymous_2)
FN:31,(anonymous_3)
FN:42,(anonymous_4)
FN:66,(anonymous_5)
FNF:6
FNH:6
FNDA:2,(anonymous_0)
FNDA:3,(anonymous_1)
FNDA:3,(anonymous_2)
FNDA:3,(anonymous_3)
FNDA:4,(anonymous_4)
FNDA:8,(anonymous_5)
DA:3,12
DA:4,2
DA:5,1
DA:6,1
DA:9,12
DA:10,3
DA:11,2
DA:12,2
DA:13,1
DA:14,1
DA:15,1
DA:21,12
DA:22,3
DA:23,2
DA:24,2
DA:26,1
DA:27,1
DA:31,12
DA:32,3
DA:33,3
DA:34,2
DA:35,1
DA:37,1
DA:42,12
DA:43,4
DA:44,4
DA:46,4
DA:47,3
DA:49,2
DA:55,2
DA:57,2
DA:62,1
DA:66,12
DA:67,8
DA:69,7
DA:70,7
DA:71,7
DA:74,6
DA:75,6
DA:76,0
DA:80,6
DA:81,2
DA:82,4
DA:83,2
DA:85,2
DA:88,6
DA:90,6
DA:96,0
DA:97,0
LF:49
LH:46
BRDA:4,0,0,1
BRDA:4,0,1,1
BRDA:10,1,0,1
BRDA:10,1,1,2
BRDA:12,2,0,1
BRDA:12,2,1,1
BRDA:16,3,0,1
BRDA:16,3,1,0
BRDA:22,4,0,1
BRDA:22,4,1,2
BRDA:24,5,0,1
BRDA:24,5,1,1
BRDA:34,6,0,1
BRDA:34,6,1,1
BRDA:35,7,0,1
BRDA:35,7,1,0
BRDA:47,8,0,1
BRDA:47,8,1,2
BRDA:50,9,0,1
BRDA:50,9,1,1
BRDA:51,10,0,1
BRDA:51,10,1,1
BRDA:52,11,0,1
BRDA:52,11,1,1
BRDA:67,12,0,1
BRDA:67,12,1,7
BRDA:71,13,0,1
BRDA:71,13,1,6
BRDA:75,14,0,0
BRDA:75,14,1,6
BRDA:75,15,0,6
BRDA:75,15,1,2
BRDA:80,16,0,2
BRDA:80,16,1,4
BRDA:82,17,0,2
BRDA:82,17,1,2
BRF:36
BRH:33
end_of_record
TN:
SF:src/middleware/auth.js
FN:4,(anonymous_0)
FN:22,(anonymous_1)
FN:23,(anonymous_2)
FN:32,(anonymous_3)
FNF:4
FNH:4
FNDA:68,(anonymous_0)
FNDA:2,(anonymous_1)
FNDA:2,(anonymous_2)
FNDA:12,(anonymous_3)
DA:4,13
DA:5,68
DA:6,68
DA:8,67
DA:9,67
DA:10,67
DA:11,66
DA:12,66
DA:13,64
DA:14,64
DA:16,1
DA:22,13
DA:23,2
DA:24,2
DA:25,1
DA:27,1
DA:32,13
DA:33,12
DA:34,2
DA:36,10
LF:20
LH:20
BRDA:6,0,0,1
BRDA:6,0,1,67
BRDA:12,1,0,2
BRDA:12,1,1,64
BRDA:22,2,0,0
BRDA:24,3,0,1
BRDA:24,3,1,1
BRDA:33,4,0,2
BRDA:33,4,1,10
BRDA:33,5,0,12
BRDA:33,5,1,11
BRF:11
BRH:10
end_of_record
TN:
SF:src/models/DjProfile.js
FNF:0
FNH:0
DA:4,11
LF:1
LH:1
BRF:0
BRH:0
end_of_record
TN:
SF:src/models/PlayHistory.js
FNF:0
FNH:0
DA:3,12
LF:1
LH:1
BRF:0
BRH:0
end_of_record
TN:
SF:src/models/Playlist.js
FN:46,(anonymous_0)
FNF:1
FNH:1
FNDA:1,(anonymous_0)
DA:4,12
DA:10,12
DA:46,12
DA:47,1
LF:4
LH:4
BRF:0
BRH:0
end_of_record
TN:
SF:src/models/Song.js
FNF:0
FNH:0
DA:3,12
LF:1
LH:1
BRF:0
BRH:0
end_of_record
TN:
SF:src/models/User.js
FNF:0
FNH:0
DA:4,14
DA:10,14
LF:2
LH:2
BRF:0
BRH:0
end_of_record
TN:
SF:src/routes/authRoutes.js
FNF:0
FNH:0
DA:5,12
DA:8,12
DA:11,12
DA:14,12
LF:4
LH:4
BRF:0
BRH:0
end_of_record
TN:
SF:src/routes/djRoutes.js
FNF:0
FNH:0
DA:5,11
DA:7,11
DA:8,11
DA:9,11
LF:4
LH:4
BRF:0
BRH:0
end_of_record
TN:
SF:src/routes/playlistRoutes.js
FN:20,(anonymous_0)
FN:39,(anonymous_1)
FN:53,(anonymous_2)
FN:71,(anonymous_3)
FN:84,(anonymous_4)
FN:90,(anonymous_5)
FN:91,(anonymous_6)
FN:109,(anonymous_7)
FN:126,(anonymous_8)
FN:139,(anonymous_9)
FN:141,(anonymous_10)
FNF:11
FNH:11
FNDA:6,(anonymous_0)
FNDA:1,(anonymous_1)
FNDA:3,(anonymous_2)
FNDA:4,(anonymous_3)
FNDA:2,(anonymous_4)
FNDA:2,(anonymous_5)
FNDA:2,(anonymous_6)
FNDA:7,(anonymous_7)
FNDA:2,(anonymous_8)
FNDA:3,(anonymous_9)
FNDA:3,(anonymous_10)
DA:16,11
DA:20,11
DA:21,6
DA:22,6
DA:24,6
DA:25,6
DA:26,6
DA:27,6
DA:31,6
DA:36,11
DA:39,11
DA:40,1
DA:41,1
DA:45,11
DA:46,11
DA:47,11
DA:48,11
DA:49,11
DA:53,11
DA:54,3
DA:55,3
DA:56,2
DA:58,2
DA:59,1
DA:62,1
DA:63,1
DA:65,1
DA:66,1
DA:71,11
DA:72,4
DA:73,4
DA:74,3
DA:76,3
DA:77,1
DA:80,2
DA:81,2
DA:83,2
DA:84,2
DA:89,1
DA:90,2
DA:91,2
DA:93,1
DA:94,1
DA:100,1
DA:101,1
DA:102,1
DA:104,1
DA:105,1
DA:109,11
DA:110,7
DA:111,7
DA:112,6
DA:115,6
DA:116,1
DA:119,5
DA:120,5
DA:122,4
DA:123,4
DA:126,3
DA:127,3
DA:128,1
DA:132,2
DA:138,2
DA:139,3
DA:141,3
DA:144,2
DA:145,1
DA:150,1
DA:151,1
DA:153,1
DA:159,1
DA:160,1
LF:72
LH:72
BRDA:22,0,0,0
BRDA:22,0,1,6
BRDA:56,1,0,0
BRDA:56,1,1,2
BRDA:58,2,0,1
BRDA:58,2,1,1
BRDA:74,3,0,0
BRDA:74,3,1,3
BRDA:76,4,0,1
BRDA:76,4,1,2
BRDA:80,5,0,1
BRDA:80,5,1,1
BRDA:81,6,0,0
BRDA:81,6,1,2
BRDA:83,7,0,1
BRDA:83,7,1,1
BRDA:83,8,0,2
BRDA:83,8,1,1
BRDA:86,9,0,2
BRDA:86,9,1,0
BRDA:93,10,0,1
BRDA:93,10,1,0
BRDA:93,11,0,1
BRDA:93,11,1,1
BRDA:112,12,0,0
BRDA:112,12,1,6
BRDA:115,13,0,1
BRDA:115,13,1,5
BRDA:120,14,0,1
BRDA:120,14,1,4
BRDA:123,15,0,1
BRDA:123,15,1,3
BRDA:127,16,0,1
BRDA:127,16,1,2
BRDA:144,17,0,1
BRDA:144,17,1,1
BRF:36
BRH:29
end_of_record
TN:
SF:src/routes/songRoutes.js
FNF:0
FNH:0
DA:13,11
DA:16,11
DA:17,11
DA:20,11
DA:21,11
DA:22,11
DA:23,11
LF:7
LH:7
BRF:0
BRH:0
end_of_record
TN:
SF:src/routes/statsRoutes.js
FN:12,(anonymous_0)
FN:31,(anonymous_1)
FN:68,(anonymous_2)
FN:91,(anonymous_3)
FN:118,(anonymous_4)
FN:155,(anonymous_5)
FN:197,(anonymous_6)
FN:214,(anonymous_7)
FNF:8
FNH:4
FNDA:4,(anonymous_0)
FNDA:1,(anonymous_1)
FNDA:2,(anonymous_2)
FNDA:2,(anonymous_3)
FNDA:0,(anonymous_4)
FNDA:0,(anonymous_5)
FNDA:0,(anonymous_6)
FNDA:0,(anonymous_7)
DA:6,11
DA:12,11
DA:13,4
DA:14,4
DA:16,4
DA:17,2
DA:19,1
DA:24,1
DA:26,2
DA:27,2
DA:31,11
DA:32,1
DA:33,1
DA:61,1
DA:63,0
DA:64,0
DA:68,11
DA:69,2
DA:88,1
DA:91,11
DA:92,2
DA:111,1
DA:118,11
DA:119,0
DA:120,0
DA:122,0
DA:144,0
DA:146,0
DA:147,0
DA:155,11
DA:156,0
DA:157,0
DA:159,0
DA:186,0
DA:188,0
DA:189,0
DA:197,11
DA:198,0
DA:199,0
DA:203,0
DA:205,0
DA:206,0
DA:214,11
DA:215,0
DA:216,0
DA:259,0
DA:261,0
DA:262,0
LF:48
LH:24
BRDA:17,0,0,1
BRDA:17,0,1,1
BRDA:144,1,0,0
BRDA:144,1,1,0
BRF:4
BRH:2
end_of_record
TN:
SF:src/routes/uploadRoutes.js
FN:23,(anonymous_0)
FN:42,(anonymous_1)
FN:58,(anonymous_2)
FNF:3
FNH:3
FNDA:30,(anonymous_0)
FNDA:3,(anonymous_1)
FNDA:2,(anonymous_2)
DA:9,15
DA:11,15
DA:14,15
DA:23,15
DA:24,30
DA:33,15
DA:34,15
DA:37,15
DA:43,3
DA:44,2
DA:45,2
DA:47,1
DA:48,1
DA:53,15
DA:59,2
DA:60,1
DA:61,1
DA:63,1
DA:64,1
LF:19
LH:19
BRDA:43,0,0,2
BRDA:43,0,1,1
BRDA:59,1,0,1
BRDA:59,1,1,1
BRF:4
BRH:4
end_of_record
TN:
SF:src/routes/userRoutes.js
FNF:0
FNH:0
DA:12,11
DA:15,11
DA:16,11
DA:17,11
DA:18,11
DA:21,11
DA:22,11
LF:7
LH:7
BRF:0
BRH:0
end_of_record
TN:
SF:src/test-utils/server.js
FNF:0
FNH:0
DA:17,11
DA:20,11
DA:21,11
DA:24,11
DA:25,11
DA:26,11
DA:27,11
DA:28,11
DA:29,11
DA:30,11
DA:33,11
LF:11
LH:11
BRF:0
BRH:0
end_of_record
